<?xml version="1.0" encoding="UTF-8"?>
<!-- Generated by org.testng.reporters.JUnitReportReporter -->
<testsuite hostname="AkashKhanna" failures="0" tests="1" name="com.restfulbooker.apitest.Scenarios.LoginTest" time="0.314" errors="1" timestamp="2024-06-30T18:40:21 IST" skipped="0">
  <testcase classname="com.restfulbooker.apitest.Scenarios.LoginTest" name="validLoginTest" time="0.314">
    <error type="java.lang.StackOverflowError">
      <![CDATA[java.lang.StackOverflowError
at com.restfulbooker.apitest.listeners.ExtentTestManager.startTest(ExtentTestManager.java:22)
at com.restfulbooker.apitest.listeners.ExtentTestManager.startTest(ExtentTestManager.java:22)
at com.restfulbooker.apitest.listeners.ExtentTestManager.startTest(ExtentTestManager.java:22)
at com.restfulbooker.apitest.listeners.ExtentTestManager.startTest(ExtentTestManager.java:22)
at com.restfulbooker.apitest.listeners.ExtentTestManager.startTest(ExtentTestManager.java:22)
at com.restfulbooker.apitest.listeners.ExtentTestManager.startTest(ExtentTestManager.java:22)
at com.restfulbooker.apitest.listeners.ExtentTestManager.startTest(ExtentTestManager.java:22)
at com.restfulbooker.apitest.listeners.ExtentTestManager.startTest(ExtentTestManager.java:22)
at com.restfulbooker.apitest.listeners.ExtentTestManager.startTest(ExtentTestManager.java:22)
at com.restfulbooker.apitest.listeners.ExtentTestManager.startTest(ExtentTestManager.java:22)
at com.restfulbooker.apitest.listeners.ExtentTestManager.startTest(ExtentTestManager.java:22)
at com.restfulbooker.apitest.listeners.ExtentTestManager.startTest(ExtentTestManager.java:22)
at com.restfulbooker.apitest.listeners.ExtentTestManager.startTest(ExtentTestManager.java:22)
at com.restfulbooker.apitest.listeners.ExtentTestManager.startTest(ExtentTestManager.java:22)
at com.restfulbooker.apitest.listeners.ExtentTestManager.startTest(ExtentTestManager.java:22)
at com.restfulbooker.apitest.listeners.ExtentTestManager.startTest(ExtentTestManager.java:22)
at com.restfulbooker.apitest.listeners.ExtentTestManager.startTest(ExtentTestManager.java:22)
at com.restfulbooker.apitest.listeners.ExtentTestManager.startTest(ExtentTestManager.java:22)
at com.restfulbooker.apitest.listeners.ExtentTestManager.startTest(ExtentTestManager.java:22)
at com.restfulbooker.apitest.listeners.ExtentTestManager.startTest(ExtentTestManager.java:22)
at com.restfulbooker.apitest.listeners.ExtentTestManager.startTest(ExtentTestManager.java:22)
at com.restfulbooker.apitest.listeners.ExtentTestManager.startTest(ExtentTestManager.java:22)
at com.restfulbooker.apitest.listeners.ExtentTestManager.startTest(ExtentTestManager.java:22)
at com.restfulbooker.apitest.listeners.ExtentTestManager.startTest(ExtentTestManager.java:22)
at com.restfulbooker.apitest.listeners.ExtentTestManager.startTest(ExtentTestManager.java:22)
at com.restfulbooker.apitest.listeners.ExtentTestManager.startTest(ExtentTestManager.java:22)
at com.restfulbooker.apitest.listeners.ExtentTestManager.startTest(ExtentTestManager.java:22)
at com.restfulbooker.apitest.listeners.ExtentTestManager.startTest(ExtentTestManager.java:22)
at com.restfulbooker.apitest.listeners.ExtentTestManager.startTest(ExtentTestManager.java:22)
at com.restfulbooker.apitest.listeners.ExtentTestManager.startTest(ExtentTestManager.java:22)
at com.restfulbooker.apitest.listeners.ExtentTestManager.startTest(ExtentTestManager.java:22)
at com.restfulbooker.apitest.listeners.ExtentTestManager.startTest(ExtentTestManager.java:22)
at com.restfulbooker.apitest.listeners.ExtentTestManager.startTest(ExtentTestManager.java:22)
at com.restfulbooker.apitest.listeners.ExtentTestManager.startTest(ExtentTestManager.java:22)
at com.restfulbooker.apitest.listeners.ExtentTestManager.startTest(ExtentTestManager.java:22)
at com.restfulbooker.apitest.listeners.ExtentTestManager.startTest(ExtentTestManager.java:22)
at com.restfulbooker.apitest.listeners.ExtentTestManager.startTest(ExtentTestManager.java:22)
at com.restfulbooker.apitest.listeners.ExtentTestManager.startTest(ExtentTestManager.java:22)
at com.restfulbooker.apitest.listeners.ExtentTestManager.startTest(ExtentTestManager.java:22)
at com.restfulbooker.apitest.listeners.ExtentTestManager.startTest(ExtentTestManager.java:22)
at com.restfulbooker.apitest.listeners.ExtentTestManager.startTest(ExtentTestManager.java:22)
at com.restfulbooker.apitest.listeners.ExtentTestManager.startTest(ExtentTestManager.java:22)
at com.restfulbooker.apitest.listeners.ExtentTestManager.startTest(ExtentTestManager.java:22)
at com.restfulbooker.apitest.listeners.ExtentTestManager.startTest(ExtentTestManager.java:22)
at com.restfulbooker.apitest.listeners.ExtentTestManager.startTest(ExtentTestManager.java:22)
at com.restfulbooker.apitest.listeners.ExtentTestManager.startTest(ExtentTestManager.java:22)
at com.restfulbooker.apitest.listeners.ExtentTestManager.startTest(ExtentTestManager.java:22)
at com.restfulbooker.apitest.listeners.ExtentTestManager.startTest(ExtentTestManager.java:22)
at com.restfulbooker.apitest.listeners.ExtentTestManager.startTest(ExtentTestManager.java:22)
at com.restfulbooker.apitest.listeners.ExtentTestManager.startTest(ExtentTestManager.java:22)
at com.restfulbooker.apitest.listeners.ExtentTestManager.startTest(ExtentTestManager.java:22)
at com.restfulbooker.apitest.listeners.ExtentTestManager.startTest(ExtentTestManager.java:22)
at com.restfulbooker.apitest.listeners.ExtentTestManager.startTest(ExtentTestManager.java:22)
at com.restfulbooker.apitest.listeners.ExtentTestManager.startTest(ExtentTestManager.java:22)
at com.restfulbooker.apitest.listeners.ExtentTestManager.startTest(ExtentTestManager.java:22)
at com.restfulbooker.apitest.listeners.ExtentTestManager.startTest(ExtentTestManager.java:22)
at com.restfulbooker.apitest.listeners.ExtentTestManager.startTest(ExtentTestManager.java:22)
at com.restfulbooker.apitest.listeners.ExtentTestManager.startTest(ExtentTestManager.java:22)
at com.restfulbooker.apitest.listeners.ExtentTestManager.startTest(ExtentTestManager.java:22)
at com.restfulbooker.apitest.listeners.ExtentTestManager.startTest(ExtentTestManager.java:22)
at com.restfulbooker.apitest.listeners.ExtentTestManager.startTest(ExtentTestManager.java:22)
at com.restfulbooker.apitest.listeners.ExtentTestManager.startTest(ExtentTestManager.java:22)
at com.restfulbooker.apitest.listeners.ExtentTestManager.startTest(ExtentTestManager.java:22)
at com.restfulbooker.apitest.listeners.ExtentTestManager.startTest(ExtentTestManager.java:22)
at com.restfulbooker.apitest.listeners.ExtentTestManager.startTest(ExtentTestManager.java:22)
at com.restfulbooker.apitest.listeners.ExtentTestManager.startTest(ExtentTestManager.java:22)
at com.restfulbooker.apitest.listeners.ExtentTestManager.startTest(ExtentTestManager.java:22)
at com.restfulbooker.apitest.listeners.ExtentTestManager.startTest(ExtentTestManager.java:22)
at com.restfulbooker.apitest.listeners.ExtentTestManager.startTest(ExtentTestManager.java:22)
at com.restfulbooker.apitest.listeners.ExtentTestManager.startTest(ExtentTestManager.java:22)
at com.restfulbooker.apitest.listeners.ExtentTestManager.startTest(ExtentTestManager.java:22)
at com.restfulbooker.apitest.listeners.ExtentTestManager.startTest(ExtentTestManager.java:22)
at com.restfulbooker.apitest.listeners.ExtentTestManager.startTest(ExtentTestManager.java:22)
at com.restfulbooker.apitest.listeners.ExtentTestManager.startTest(ExtentTestManager.java:22)
at com.restfulbooker.apitest.listeners.ExtentTestManager.startTest(ExtentTestManager.java:22)
at com.restfulbooker.apitest.listeners.ExtentTestManager.startTest(ExtentTestManager.java:22)
at com.restfulbooker.apitest.listeners.ExtentTestManager.startTest(ExtentTestManager.java:22)
at com.restfulbooker.apitest.listeners.ExtentTestManager.startTest(ExtentTestManager.java:22)
at com.restfulbooker.apitest.listeners.ExtentTestManager.startTest(ExtentTestManager.java:22)
at com.restfulbooker.apitest.listeners.ExtentTestManager.startTest(ExtentTestManager.java:22)
at com.restfulbooker.apitest.listeners.ExtentTestManager.startTest(ExtentTestManager.java:22)
at com.restfulbooker.apitest.listeners.ExtentTestManager.startTest(ExtentTestManager.java:22)
at com.restfulbooker.apitest.listeners.ExtentTestManager.startTest(ExtentTestManager.java:22)
at com.restfulbooker.apitest.listeners.ExtentTestManager.startTest(ExtentTestManager.java:22)
at com.restfulbooker.apitest.listeners.ExtentTestManager.startTest(ExtentTestManager.java:22)
at com.restfulbooker.apitest.listeners.ExtentTestManager.startTest(ExtentTestManager.java:22)
at com.restfulbooker.apitest.listeners.ExtentTestManager.startTest(ExtentTestManager.java:22)
at com.restfulbooker.apitest.listeners.ExtentTestManager.startTest(ExtentTestManager.java:22)
at com.restfulbooker.apitest.listeners.ExtentTestManager.startTest(ExtentTestManager.java:22)
at com.restfulbooker.apitest.listeners.ExtentTestManager.startTest(ExtentTestManager.java:22)
at com.restfulbooker.apitest.listeners.ExtentTestManager.startTest(ExtentTestManager.java:22)
at com.restfulbooker.apitest.listeners.ExtentTestManager.startTest(ExtentTestManager.java:22)
at com.restfulbooker.apitest.listeners.ExtentTestManager.startTest(ExtentTestManager.java:22)
at com.restfulbooker.apitest.listeners.ExtentTestManager.startTest(ExtentTestManager.java:22)
at com.restfulbooker.apitest.listeners.ExtentTestManager.startTest(ExtentTestManager.java:22)
at com.restfulbooker.apitest.listeners.ExtentTestManager.startTest(ExtentTestManager.java:22)
at com.restfulbooker.apitest.listeners.ExtentTestManager.startTest(ExtentTestManager.java:22)
at com.restfulbooker.apitest.listeners.ExtentTestManager.startTest(ExtentTestManager.java:22)
at com.restfulbooker.apitest.listeners.ExtentTestManager.startTest(ExtentTestManager.java:22)
at com.restfulbooker.apitest.listeners.ExtentTestManager.startTest(ExtentTestManager.java:22)
at com.restfulbooker.apitest.listeners.ExtentTestManager.startTest(ExtentTestManager.java:22)
at com.restfulbooker.apitest.listeners.ExtentTestManager.startTest(ExtentTestManager.java:22)
at com.restfulbooker.apitest.listeners.ExtentTestManager.startTest(ExtentTestManager.java:22)
at com.restfulbooker.apitest.listeners.ExtentTestManager.startTest(ExtentTestManager.java:22)
at com.restfulbooker.apitest.listeners.ExtentTestManager.startTest(ExtentTestManager.java:22)
at com.restfulbooker.apitest.listeners.ExtentTestManager.startTest(ExtentTestManager.java:22)
at com.restfulbooker.apitest.listeners.ExtentTestManager.startTest(ExtentTestManager.java:22)
at com.restfulbooker.apitest.listeners.ExtentTestManager.startTest(ExtentTestManager.java:22)
at com.restfulbooker.apitest.listeners.ExtentTestManager.startTest(ExtentTestManager.java:22)
at com.restfulbooker.apitest.listeners.ExtentTestManager.startTest(ExtentTestManager.java:22)
at com.restfulbooker.apitest.listeners.ExtentTestManager.startTest(ExtentTestManager.java:22)
at com.restfulbooker.apitest.listeners.ExtentTestManager.startTest(ExtentTestManager.java:22)
at com.restfulbooker.apitest.listeners.ExtentTestManager.startTest(ExtentTestManager.java:22)
at com.restfulbooker.apitest.listeners.ExtentTestManager.startTest(ExtentTestManager.java:22)
at com.restfulbooker.apitest.listeners.ExtentTestManager.startTest(ExtentTestManager.java:22)
at com.restfulbooker.apitest.listeners.ExtentTestManager.startTest(ExtentTestManager.java:22)
at com.restfulbooker.apitest.listeners.ExtentTestManager.startTest(ExtentTestManager.java:22)
at com.restfulbooker.apitest.listeners.ExtentTestManager.startTest(ExtentTestManager.java:22)
at com.restfulbooker.apitest.listeners.ExtentTestManager.startTest(ExtentTestManager.java:22)
at com.restfulbooker.apitest.listeners.ExtentTestManager.startTest(ExtentTestManager.java:22)
at com.restfulbooker.apitest.listeners.ExtentTestManager.startTest(ExtentTestManager.java:22)
at com.restfulbooker.apitest.listeners.ExtentTestManager.startTest(ExtentTestManager.java:22)
at com.restfulbooker.apitest.listeners.ExtentTestManager.startTest(ExtentTestManager.java:22)
at com.restfulbooker.apitest.listeners.ExtentTestManager.startTest(ExtentTestManager.java:22)
at com.restfulbooker.apitest.listeners.ExtentTestManager.startTest(ExtentTestManager.java:22)
at com.restfulbooker.apitest.listeners.ExtentTestManager.startTest(ExtentTestManager.java:22)
at com.restfulbooker.apitest.listeners.ExtentTestManager.startTest(ExtentTestManager.java:22)
at com.restfulbooker.apitest.listeners.ExtentTestManager.startTest(ExtentTestManager.java:22)
at com.restfulbooker.apitest.listeners.ExtentTestManager.startTest(ExtentTestManager.java:22)
at com.restfulbooker.apitest.listeners.ExtentTestManager.startTest(ExtentTestManager.java:22)
at com.restfulbooker.apitest.listeners.ExtentTestManager.startTest(ExtentTestManager.java:22)
at com.restfulbooker.apitest.listeners.ExtentTestManager.startTest(ExtentTestManager.java:22)
at com.restfulbooker.apitest.listeners.ExtentTestManager.startTest(ExtentTestManager.java:22)
at com.restfulbooker.apitest.listeners.ExtentTestManager.startTest(ExtentTestManager.java:22)
at com.restfulbooker.apitest.listeners.ExtentTestManager.startTest(ExtentTestManager.java:22)
at com.restfulbooker.apitest.listeners.ExtentTestManager.startTest(ExtentTestManager.java:22)
at com.restfulbooker.apitest.listeners.ExtentTestManager.startTest(ExtentTestManager.java:22)
at com.restfulbooker.apitest.listeners.ExtentTestManager.startTest(ExtentTestManager.java:22)
at com.restfulbooker.apitest.listeners.ExtentTestManager.startTest(ExtentTestManager.java:22)
at com.restfulbooker.apitest.listeners.ExtentTestManager.startTest(ExtentTestManager.java:22)
at com.restfulbooker.apitest.listeners.ExtentTestManager.startTest(ExtentTestManager.java:22)
at com.restfulbooker.apitest.listeners.ExtentTestManager.startTest(ExtentTestManager.java:22)
at com.restfulbooker.apitest.listeners.ExtentTestManager.startTest(ExtentTestManager.java:22)
at com.restfulbooker.apitest.listeners.ExtentTestManager.startTest(ExtentTestManager.java:22)
at com.restfulbooker.apitest.listeners.ExtentTestManager.startTest(ExtentTestManager.java:22)
at com.restfulbooker.apitest.listeners.ExtentTestManager.startTest(ExtentTestManager.java:22)
at com.restfulbooker.apitest.listeners.ExtentTestManager.startTest(ExtentTestManager.java:22)
at com.restfulbooker.apitest.listeners.ExtentTestManager.startTest(ExtentTestManager.java:22)
at com.restfulbooker.apitest.listeners.ExtentTestManager.startTest(ExtentTestManager.java:22)
at com.restfulbooker.apitest.listeners.ExtentTestManager.startTest(ExtentTestManager.java:22)
at com.restfulbooker.apitest.listeners.ExtentTestManager.startTest(ExtentTestManager.java:22)
at com.restfulbooker.apitest.listeners.ExtentTestManager.startTest(ExtentTestManager.java:22)
at com.restfulbooker.apitest.listeners.ExtentTestManager.startTest(ExtentTestManager.java:22)
at com.restfulbooker.apitest.listeners.ExtentTestManager.startTest(ExtentTestManager.java:22)
at com.restfulbooker.apitest.listeners.ExtentTestManager.startTest(ExtentTestManager.java:22)
at com.restfulbooker.apitest.listeners.ExtentTestManager.startTest(ExtentTestManager.java:22)
at com.restfulbooker.apitest.listeners.ExtentTestManager.startTest(ExtentTestManager.java:22)
at com.restfulbooker.apitest.listeners.ExtentTestManager.startTest(ExtentTestManager.java:22)
at com.restfulbooker.apitest.listeners.ExtentTestManager.startTest(ExtentTestManager.java:22)
at com.restfulbooker.apitest.listeners.ExtentTestManager.startTest(ExtentTestManager.java:22)
at com.restfulbooker.apitest.listeners.ExtentTestManager.startTest(ExtentTestManager.java:22)
at com.restfulbooker.apitest.listeners.ExtentTestManager.startTest(ExtentTestManager.java:22)
at com.restfulbooker.apitest.listeners.ExtentTestManager.startTest(ExtentTestManager.java:22)
at com.restfulbooker.apitest.listeners.ExtentTestManager.startTest(ExtentTestManager.java:22)
at com.restfulbooker.apitest.listeners.ExtentTestManager.startTest(ExtentTestManager.java:22)
at com.restfulbooker.apitest.listeners.ExtentTestManager.startTest(ExtentTestManager.java:22)
at com.restfulbooker.apitest.listeners.ExtentTestManager.startTest(ExtentTestManager.java:22)
at com.restfulbooker.apitest.listeners.ExtentTestManager.startTest(ExtentTestManager.java:22)
at com.restfulbooker.apitest.listeners.ExtentTestManager.startTest(ExtentTestManager.java:22)
at com.restfulbooker.apitest.listeners.ExtentTestManager.startTest(ExtentTestManager.java:22)
at com.restfulbooker.apitest.listeners.ExtentTestManager.startTest(ExtentTestManager.java:22)
at com.restfulbooker.apitest.listeners.ExtentTestManager.startTest(ExtentTestManager.java:22)
at com.restfulbooker.apitest.listeners.ExtentTestManager.startTest(ExtentTestManager.java:22)
at com.restfulbooker.apitest.listeners.ExtentTestManager.startTest(ExtentTestManager.java:22)
at com.restfulbooker.apitest.listeners.ExtentTestManager.startTest(ExtentTestManager.java:22)
at com.restfulbooker.apitest.listeners.ExtentTestManager.startTest(ExtentTestManager.java:22)
at com.restfulbooker.apitest.listeners.ExtentTestManager.startTest(ExtentTestManager.java:22)
at com.restfulbooker.apitest.listeners.ExtentTestManager.startTest(ExtentTestManager.java:22)
at com.restfulbooker.apitest.listeners.ExtentTestManager.startTest(ExtentTestManager.java:22)
at com.restfulbooker.apitest.listeners.ExtentTestManager.startTest(ExtentTestManager.java:22)
at com.restfulbooker.apitest.listeners.ExtentTestManager.startTest(ExtentTestManager.java:22)
at com.restfulbooker.apitest.listeners.ExtentTestManager.startTest(ExtentTestManager.java:22)
at com.restfulbooker.apitest.listeners.ExtentTestManager.startTest(ExtentTestManager.java:22)
at com.restfulbooker.apitest.listeners.ExtentTestManager.startTest(ExtentTestManager.java:22)
at com.restfulbooker.apitest.listeners.ExtentTestManager.startTest(ExtentTestManager.java:22)
at com.restfulbooker.apitest.listeners.ExtentTestManager.startTest(ExtentTestManager.java:22)
at com.restfulbooker.apitest.listeners.ExtentTestManager.startTest(ExtentTestManager.java:22)
at com.restfulbooker.apitest.listeners.ExtentTestManager.startTest(ExtentTestManager.java:22)
at com.restfulbooker.apitest.listeners.ExtentTestManager.startTest(ExtentTestManager.java:22)
at com.restfulbooker.apitest.listeners.ExtentTestManager.startTest(ExtentTestManager.java:22)
at com.restfulbooker.apitest.listeners.ExtentTestManager.startTest(ExtentTestManager.java:22)
at com.restfulbooker.apitest.listeners.ExtentTestManager.startTest(ExtentTestManager.java:22)
at com.restfulbooker.apitest.listeners.ExtentTestManager.startTest(ExtentTestManager.java:22)
at com.restfulbooker.apitest.listeners.ExtentTestManager.startTest(ExtentTestManager.java:22)
at com.restfulbooker.apitest.listeners.ExtentTestManager.startTest(ExtentTestManager.java:22)
at com.restfulbooker.apitest.listeners.ExtentTestManager.startTest(ExtentTestManager.java:22)
at com.restfulbooker.apitest.listeners.ExtentTestManager.startTest(ExtentTestManager.java:22)
at com.restfulbooker.apitest.listeners.ExtentTestManager.startTest(ExtentTestManager.java:22)
at com.restfulbooker.apitest.listeners.ExtentTestManager.startTest(ExtentTestManager.java:22)
at com.restfulbooker.apitest.listeners.ExtentTestManager.startTest(ExtentTestManager.java:22)
at com.restfulbooker.apitest.listeners.ExtentTestManager.startTest(ExtentTestManager.java:22)
at com.restfulbooker.apitest.listeners.ExtentTestManager.startTest(ExtentTestManager.java:22)
at com.restfulbooker.apitest.listeners.ExtentTestManager.startTest(ExtentTestManager.java:22)
at com.restfulbooker.apitest.listeners.ExtentTestManager.startTest(ExtentTestManager.java:22)
at com.restfulbooker.apitest.listeners.ExtentTestManager.startTest(ExtentTestManager.java:22)
at com.restfulbooker.apitest.listeners.ExtentTestManager.startTest(ExtentTestManager.java:22)
at com.restfulbooker.apitest.listeners.ExtentTestManager.startTest(ExtentTestManager.java:22)
at com.restfulbooker.apitest.listeners.ExtentTestManager.startTest(ExtentTestManager.java:22)
at com.restfulbooker.apitest.listeners.ExtentTestManager.startTest(ExtentTestManager.java:22)
at com.restfulbooker.apitest.listeners.ExtentTestManager.startTest(ExtentTestManager.java:22)
at com.restfulbooker.apitest.listeners.ExtentTestManager.startTest(ExtentTestManager.java:22)
at com.restfulbooker.apitest.listeners.ExtentTestManager.startTest(ExtentTestManager.java:22)
at com.restfulbooker.apitest.listeners.ExtentTestManager.startTest(ExtentTestManager.java:22)
at com.restfulbooker.apitest.listeners.ExtentTestManager.startTest(ExtentTestManager.java:22)
at com.restfulbooker.apitest.listeners.ExtentTestManager.startTest(ExtentTestManager.java:22)
at com.restfulbooker.apitest.listeners.ExtentTestManager.startTest(ExtentTestManager.java:22)
at com.restfulbooker.apitest.listeners.ExtentTestManager.startTest(ExtentTestManager.java:22)
at com.restfulbooker.apitest.listeners.ExtentTestManager.startTest(ExtentTestManager.java:22)
at com.restfulbooker.apitest.listeners.ExtentTestManager.startTest(ExtentTestManager.java:22)
at com.restfulbooker.apitest.listeners.ExtentTestManager.startTest(ExtentTestManager.java:22)
at com.restfulbooker.apitest.listeners.ExtentTestManager.startTest(ExtentTestManager.java:22)
at com.restfulbooker.apitest.listeners.ExtentTestManager.startTest(ExtentTestManager.java:22)
at com.restfulbooker.apitest.listeners.ExtentTestManager.startTest(ExtentTestManager.java:22)
at com.restfulbooker.apitest.listeners.ExtentTestManager.startTest(ExtentTestManager.java:22)
at com.restfulbooker.apitest.listeners.ExtentTestManager.startTest(ExtentTestManager.java:22)
at com.restfulbooker.apitest.listeners.ExtentTestManager.startTest(ExtentTestManager.java:22)
at com.restfulbooker.apitest.listeners.ExtentTestManager.startTest(ExtentTestManager.java:22)
at com.restfulbooker.apitest.listeners.ExtentTestManager.startTest(ExtentTestManager.java:22)
at com.restfulbooker.apitest.listeners.ExtentTestManager.startTest(ExtentTestManager.java:22)
at com.restfulbooker.apitest.listeners.ExtentTestManager.startTest(ExtentTestManager.java:22)
at com.restfulbooker.apitest.listeners.ExtentTestManager.startTest(ExtentTestManager.java:22)
at com.restfulbooker.apitest.listeners.ExtentTestManager.startTest(ExtentTestManager.java:22)
at com.restfulbooker.apitest.listeners.ExtentTestManager.startTest(ExtentTestManager.java:22)
at com.restfulbooker.apitest.listeners.ExtentTestManager.startTest(ExtentTestManager.java:22)
at com.restfulbooker.apitest.listeners.ExtentTestManager.startTest(ExtentTestManager.java:22)
at com.restfulbooker.apitest.listeners.ExtentTestManager.startTest(ExtentTestManager.java:22)
at com.restfulbooker.apitest.listeners.ExtentTestManager.startTest(ExtentTestManager.java:22)
at com.restfulbooker.apitest.listeners.ExtentTestManager.startTest(ExtentTestManager.java:22)
at com.restfulbooker.apitest.listeners.ExtentTestManager.startTest(ExtentTestManager.java:22)
at com.restfulbooker.apitest.listeners.ExtentTestManager.startTest(ExtentTestManager.java:22)
at com.restfulbooker.apitest.listeners.ExtentTestManager.startTest(ExtentTestManager.java:22)
at com.restfulbooker.apitest.listeners.ExtentTestManager.startTest(ExtentTestManager.java:22)
at com.restfulbooker.apitest.listeners.ExtentTestManager.startTest(ExtentTestManager.java:22)
at com.restfulbooker.apitest.listeners.ExtentTestManager.startTest(ExtentTestManager.java:22)
at com.restfulbooker.apitest.listeners.ExtentTestManager.startTest(ExtentTestManager.java:22)
at com.restfulbooker.apitest.listeners.ExtentTestManager.startTest(ExtentTestManager.java:22)
at com.restfulbooker.apitest.listeners.ExtentTestManager.startTest(ExtentTestManager.java:22)
at com.restfulbooker.apitest.listeners.ExtentTestManager.startTest(ExtentTestManager.java:22)
at com.restfulbooker.apitest.listeners.ExtentTestManager.startTest(ExtentTestManager.java:22)
at com.restfulbooker.apitest.listeners.ExtentTestManager.startTest(ExtentTestManager.java:22)
at com.restfulbooker.apitest.listeners.ExtentTestManager.startTest(ExtentTestManager.java:22)
at com.restfulbooker.apitest.listeners.ExtentTestManager.startTest(ExtentTestManager.java:22)
at com.restfulbooker.apitest.listeners.ExtentTestManager.startTest(ExtentTestManager.java:22)
at com.restfulbooker.apitest.listeners.ExtentTestManager.startTest(ExtentTestManager.java:22)
at com.restfulbooker.apitest.listeners.ExtentTestManager.startTest(ExtentTestManager.java:22)
at com.restfulbooker.apitest.listeners.ExtentTestManager.startTest(ExtentTestManager.java:22)
at com.restfulbooker.apitest.listeners.ExtentTestManager.startTest(ExtentTestManager.java:22)
at com.restfulbooker.apitest.listeners.ExtentTestManager.startTest(ExtentTestManager.java:22)
at com.restfulbooker.apitest.listeners.ExtentTestManager.startTest(ExtentTestManager.java:22)
at com.restfulbooker.apitest.listeners.ExtentTestManager.startTest(ExtentTestManager.java:22)
at com.restfulbooker.apitest.listeners.ExtentTestManager.startTest(ExtentTestManager.java:22)
at com.restfulbooker.apitest.listeners.ExtentTestManager.startTest(ExtentTestManager.java:22)
at com.restfulbooker.apitest.listeners.ExtentTestManager.startTest(ExtentTestManager.java:22)
at com.restfulbooker.apitest.listeners.ExtentTestManager.startTest(ExtentTestManager.java:22)
at com.restfulbooker.apitest.listeners.ExtentTestManager.startTest(ExtentTestManager.java:22)
at com.restfulbooker.apitest.listeners.ExtentTestManager.startTest(ExtentTestManager.java:22)
at com.restfulbooker.apitest.listeners.ExtentTestManager.startTest(ExtentTestManager.java:22)
at com.restfulbooker.apitest.listeners.ExtentTestManager.startTest(ExtentTestManager.java:22)
at com.restfulbooker.apitest.listeners.ExtentTestManager.startTest(ExtentTestManager.java:22)
at com.restfulbooker.apitest.listeners.ExtentTestManager.startTest(ExtentTestManager.java:22)
at com.restfulbooker.apitest.listeners.ExtentTestManager.startTest(ExtentTestManager.java:22)
at com.restfulbooker.apitest.listeners.ExtentTestManager.startTest(ExtentTestManager.java:22)
at com.restfulbooker.apitest.listeners.ExtentTestManager.startTest(ExtentTestManager.java:22)
at com.restfulbooker.apitest.listeners.ExtentTestManager.startTest(ExtentTestManager.java:22)
at com.restfulbooker.apitest.listeners.ExtentTestManager.startTest(ExtentTestManager.java:22)
at com.restfulbooker.apitest.listeners.ExtentTestManager.startTest(ExtentTestManager.java:22)
at com.restfulbooker.apitest.listeners.ExtentTestManager.startTest(ExtentTestManager.java:22)
at com.restfulbooker.apitest.listeners.ExtentTestManager.startTest(ExtentTestManager.java:22)
at com.restfulbooker.apitest.listeners.ExtentTestManager.startTest(ExtentTestManager.java:22)
at com.restfulbooker.apitest.listeners.ExtentTestManager.startTest(ExtentTestManager.java:22)
at com.restfulbooker.apitest.listeners.ExtentTestManager.startTest(ExtentTestManager.java:22)
at com.restfulbooker.apitest.listeners.ExtentTestManager.startTest(ExtentTestManager.java:22)
at com.restfulbooker.apitest.listeners.ExtentTestManager.startTest(ExtentTestManager.java:22)
at com.restfulbooker.apitest.listeners.ExtentTestManager.startTest(ExtentTestManager.java:22)
at com.restfulbooker.apitest.listeners.ExtentTestManager.startTest(ExtentTestManager.java:22)
at com.restfulbooker.apitest.listeners.ExtentTestManager.startTest(ExtentTestManager.java:22)
at com.restfulbooker.apitest.listeners.ExtentTestManager.startTest(ExtentTestManager.java:22)
at com.restfulbooker.apitest.listeners.ExtentTestManager.startTest(ExtentTestManager.java:22)
at com.restfulbooker.apitest.listeners.ExtentTestManager.startTest(ExtentTestManager.java:22)
at com.restfulbooker.apitest.listeners.ExtentTestManager.startTest(ExtentTestManager.java:22)
at com.restfulbooker.apitest.listeners.ExtentTestManager.startTest(ExtentTestManager.java:22)
at com.restfulbooker.apitest.listeners.ExtentTestManager.startTest(ExtentTestManager.java:22)
at com.restfulbooker.apitest.listeners.ExtentTestManager.startTest(ExtentTestManager.java:22)
at com.restfulbooker.apitest.listeners.ExtentTestManager.startTest(ExtentTestManager.java:22)
at com.restfulbooker.apitest.listeners.ExtentTestManager.startTest(ExtentTestManager.java:22)
at com.restfulbooker.apitest.listeners.ExtentTestManager.startTest(ExtentTestManager.java:22)
at com.restfulbooker.apitest.listeners.ExtentTestManager.startTest(ExtentTestManager.java:22)
at com.restfulbooker.apitest.listeners.ExtentTestManager.startTest(ExtentTestManager.java:22)
at com.restfulbooker.apitest.listeners.ExtentTestManager.startTest(ExtentTestManager.java:22)
at com.restfulbooker.apitest.listeners.ExtentTestManager.startTest(ExtentTestManager.java:22)
at com.restfulbooker.apitest.listeners.ExtentTestManager.startTest(ExtentTestManager.java:22)
at com.restfulbooker.apitest.listeners.ExtentTestManager.startTest(ExtentTestManager.java:22)
at com.restfulbooker.apitest.listeners.ExtentTestManager.startTest(ExtentTestManager.java:22)
at com.restfulbooker.apitest.listeners.ExtentTestManager.startTest(ExtentTestManager.java:22)
at com.restfulbooker.apitest.listeners.ExtentTestManager.startTest(ExtentTestManager.java:22)
at com.restfulbooker.apitest.listeners.ExtentTestManager.startTest(ExtentTestManager.java:22)
at com.restfulbooker.apitest.listeners.ExtentTestManager.startTest(ExtentTestManager.java:22)
at com.restfulbooker.apitest.listeners.ExtentTestManager.startTest(ExtentTestManager.java:22)
at com.restfulbooker.apitest.listeners.ExtentTestManager.startTest(ExtentTestManager.java:22)
at com.restfulbooker.apitest.listeners.ExtentTestManager.startTest(ExtentTestManager.java:22)
at com.restfulbooker.apitest.listeners.ExtentTestManager.startTest(ExtentTestManager.java:22)
at com.restfulbooker.apitest.listeners.ExtentTestManager.startTest(ExtentTestManager.java:22)
at com.restfulbooker.apitest.listeners.ExtentTestManager.startTest(ExtentTestManager.java:22)
at com.restfulbooker.apitest.listeners.ExtentTestManager.startTest(ExtentTestManager.java:22)
at com.restfulbooker.apitest.listeners.ExtentTestManager.startTest(ExtentTestManager.java:22)
at com.restfulbooker.apitest.listeners.ExtentTestManager.startTest(ExtentTestManager.java:22)
at com.restfulbooker.apitest.listeners.ExtentTestManager.startTest(ExtentTestManager.java:22)
at com.restfulbooker.apitest.listeners.ExtentTestManager.startTest(ExtentTestManager.java:22)
at com.restfulbooker.apitest.listeners.ExtentTestManager.startTest(ExtentTestManager.java:22)
at com.restfulbooker.apitest.listeners.ExtentTestManager.startTest(ExtentTestManager.java:22)
at com.restfulbooker.apitest.listeners.ExtentTestManager.startTest(ExtentTestManager.java:22)
at com.restfulbooker.apitest.listeners.ExtentTestManager.startTest(ExtentTestManager.java:22)
at com.restfulbooker.apitest.listeners.ExtentTestManager.startTest(ExtentTestManager.java:22)
at com.restfulbooker.apitest.listeners.ExtentTestManager.startTest(ExtentTestManager.java:22)
at com.restfulbooker.apitest.listeners.ExtentTestManager.startTest(ExtentTestManager.java:22)
at com.restfulbooker.apitest.listeners.ExtentTestManager.startTest(ExtentTestManager.java:22)
at com.restfulbooker.apitest.listeners.ExtentTestManager.startTest(ExtentTestManager.java:22)
at com.restfulbooker.apitest.listeners.ExtentTestManager.startTest(ExtentTestManager.java:22)
at com.restfulbooker.apitest.listeners.ExtentTestManager.startTest(ExtentTestManager.java:22)
at com.restfulbooker.apitest.listeners.ExtentTestManager.startTest(ExtentTestManager.java:22)
at com.restfulbooker.apitest.listeners.ExtentTestManager.startTest(ExtentTestManager.java:22)
at com.restfulbooker.apitest.listeners.ExtentTestManager.startTest(ExtentTestManager.java:22)
at com.restfulbooker.apitest.listeners.ExtentTestManager.startTest(ExtentTestManager.java:22)
at com.restfulbooker.apitest.listeners.ExtentTestManager.startTest(ExtentTestManager.java:22)
at com.restfulbooker.apitest.listeners.ExtentTestManager.startTest(ExtentTestManager.java:22)
at com.restfulbooker.apitest.listeners.ExtentTestManager.startTest(ExtentTestManager.java:22)
at com.restfulbooker.apitest.listeners.ExtentTestManager.startTest(ExtentTestManager.java:22)
at com.restfulbooker.apitest.listeners.ExtentTestManager.startTest(ExtentTestManager.java:22)
at com.restfulbooker.apitest.listeners.ExtentTestManager.startTest(ExtentTestManager.java:22)
at com.restfulbooker.apitest.listeners.ExtentTestManager.startTest(ExtentTestManager.java:22)
at com.restfulbooker.apitest.listeners.ExtentTestManager.startTest(ExtentTestManager.java:22)
at com.restfulbooker.apitest.listeners.ExtentTestManager.startTest(ExtentTestManager.java:22)
at com.restfulbooker.apitest.listeners.ExtentTestManager.startTest(ExtentTestManager.java:22)
at com.restfulbooker.apitest.listeners.ExtentTestManager.startTest(ExtentTestManager.java:22)
at com.restfulbooker.apitest.listeners.ExtentTestManager.startTest(ExtentTestManager.java:22)
at com.restfulbooker.apitest.listeners.ExtentTestManager.startTest(ExtentTestManager.java:22)
at com.restfulbooker.apitest.listeners.ExtentTestManager.startTest(ExtentTestManager.java:22)
at com.restfulbooker.apitest.listeners.ExtentTestManager.startTest(ExtentTestManager.java:22)
at com.restfulbooker.apitest.listeners.ExtentTestManager.startTest(ExtentTestManager.java:22)
at com.restfulbooker.apitest.listeners.ExtentTestManager.startTest(ExtentTestManager.java:22)
at com.restfulbooker.apitest.listeners.ExtentTestManager.startTest(ExtentTestManager.java:22)
at com.restfulbooker.apitest.listeners.ExtentTestManager.startTest(ExtentTestManager.java:22)
at com.restfulbooker.apitest.listeners.ExtentTestManager.startTest(ExtentTestManager.java:22)
at com.restfulbooker.apitest.listeners.ExtentTestManager.startTest(ExtentTestManager.java:22)
at com.restfulbooker.apitest.listeners.ExtentTestManager.startTest(ExtentTestManager.java:22)
at com.restfulbooker.apitest.listeners.ExtentTestManager.startTest(ExtentTestManager.java:22)
at com.restfulbooker.apitest.listeners.ExtentTestManager.startTest(ExtentTestManager.java:22)
at com.restfulbooker.apitest.listeners.ExtentTestManager.startTest(ExtentTestManager.java:22)
at com.restfulbooker.apitest.listeners.ExtentTestManager.startTest(ExtentTestManager.java:22)
at com.restfulbooker.apitest.listeners.ExtentTestManager.startTest(ExtentTestManager.java:22)
at com.restfulbooker.apitest.listeners.ExtentTestManager.startTest(ExtentTestManager.java:22)
at com.restfulbooker.apitest.listeners.ExtentTestManager.startTest(ExtentTestManager.java:22)
at com.restfulbooker.apitest.listeners.ExtentTestManager.startTest(ExtentTestManager.java:22)
at com.restfulbooker.apitest.listeners.ExtentTestManager.startTest(ExtentTestManager.java:22)
at com.restfulbooker.apitest.listeners.ExtentTestManager.startTest(ExtentTestManager.java:22)
at com.restfulbooker.apitest.listeners.ExtentTestManager.startTest(ExtentTestManager.java:22)
at com.restfulbooker.apitest.listeners.ExtentTestManager.startTest(ExtentTestManager.java:22)
at com.restfulbooker.apitest.listeners.ExtentTestManager.startTest(ExtentTestManager.java:22)
at com.restfulbooker.apitest.listeners.ExtentTestManager.startTest(ExtentTestManager.java:22)
at com.restfulbooker.apitest.listeners.ExtentTestManager.startTest(ExtentTestManager.java:22)
at com.restfulbooker.apitest.listeners.ExtentTestManager.startTest(ExtentTestManager.java:22)
at com.restfulbooker.apitest.listeners.ExtentTestManager.startTest(ExtentTestManager.java:22)
at com.restfulbooker.apitest.listeners.ExtentTestManager.startTest(ExtentTestManager.java:22)
at com.restfulbooker.apitest.listeners.ExtentTestManager.startTest(ExtentTestManager.java:22)
at com.restfulbooker.apitest.listeners.ExtentTestManager.startTest(ExtentTestManager.java:22)
at com.restfulbooker.apitest.listeners.ExtentTestManager.startTest(ExtentTestManager.java:22)
at com.restfulbooker.apitest.listeners.ExtentTestManager.startTest(ExtentTestManager.java:22)
at com.restfulbooker.apitest.listeners.ExtentTestManager.startTest(ExtentTestManager.java:22)
at com.restfulbooker.apitest.listeners.ExtentTestManager.startTest(ExtentTestManager.java:22)
at com.restfulbooker.apitest.listeners.ExtentTestManager.startTest(ExtentTestManager.java:22)
at com.restfulbooker.apitest.listeners.ExtentTestManager.startTest(ExtentTestManager.java:22)
at com.restfulbooker.apitest.listeners.ExtentTestManager.startTest(ExtentTestManager.java:22)
at com.restfulbooker.apitest.listeners.ExtentTestManager.startTest(ExtentTestManager.java:22)
at com.restfulbooker.apitest.listeners.ExtentTestManager.startTest(ExtentTestManager.java:22)
at com.restfulbooker.apitest.listeners.ExtentTestManager.startTest(ExtentTestManager.java:22)
at com.restfulbooker.apitest.listeners.ExtentTestManager.startTest(ExtentTestManager.java:22)
at com.restfulbooker.apitest.listeners.ExtentTestManager.startTest(ExtentTestManager.java:22)
at com.restfulbooker.apitest.listeners.ExtentTestManager.startTest(ExtentTestManager.java:22)
at com.restfulbooker.apitest.listeners.ExtentTestManager.startTest(ExtentTestManager.java:22)
at com.restfulbooker.apitest.listeners.ExtentTestManager.startTest(ExtentTestManager.java:22)
at com.restfulbooker.apitest.listeners.ExtentTestManager.startTest(ExtentTestManager.java:22)
at com.restfulbooker.apitest.listeners.ExtentTestManager.startTest(ExtentTestManager.java:22)
at com.restfulbooker.apitest.listeners.ExtentTestManager.startTest(ExtentTestManager.java:22)
at com.restfulbooker.apitest.listeners.ExtentTestManager.startTest(ExtentTestManager.java:22)
at com.restfulbooker.apitest.listeners.ExtentTestManager.startTest(ExtentTestManager.java:22)
at com.restfulbooker.apitest.listeners.ExtentTestManager.startTest(ExtentTestManager.java:22)
at com.restfulbooker.apitest.listeners.ExtentTestManager.startTest(ExtentTestManager.java:22)
at com.restfulbooker.apitest.listeners.ExtentTestManager.startTest(ExtentTestManager.java:22)
at com.restfulbooker.apitest.listeners.ExtentTestManager.startTest(ExtentTestManager.java:22)
at com.restfulbooker.apitest.listeners.ExtentTestManager.startTest(ExtentTestManager.java:22)
at com.restfulbooker.apitest.listeners.ExtentTestManager.startTest(ExtentTestManager.java:22)
at com.restfulbooker.apitest.listeners.ExtentTestManager.startTest(ExtentTestManager.java:22)
at com.restfulbooker.apitest.listeners.ExtentTestManager.startTest(ExtentTestManager.java:22)
at com.restfulbooker.apitest.listeners.ExtentTestManager.startTest(ExtentTestManager.java:22)
at com.restfulbooker.apitest.listeners.ExtentTestManager.startTest(ExtentTestManager.java:22)
at com.restfulbooker.apitest.listeners.ExtentTestManager.startTest(ExtentTestManager.java:22)
at com.restfulbooker.apitest.listeners.ExtentTestManager.startTest(ExtentTestManager.java:22)
at com.restfulbooker.apitest.listeners.ExtentTestManager.startTest(ExtentTestManager.java:22)
at com.restfulbooker.apitest.listeners.ExtentTestManager.startTest(ExtentTestManager.java:22)
at com.restfulbooker.apitest.listeners.ExtentTestManager.startTest(ExtentTestManager.java:22)
at com.restfulbooker.apitest.listeners.ExtentTestManager.startTest(ExtentTestManager.java:22)
at com.restfulbooker.apitest.listeners.ExtentTestManager.startTest(ExtentTestManager.java:22)
at com.restfulbooker.apitest.listeners.ExtentTestManager.startTest(ExtentTestManager.java:22)
at com.restfulbooker.apitest.listeners.ExtentTestManager.startTest(ExtentTestManager.java:22)
at com.restfulbooker.apitest.listeners.ExtentTestManager.startTest(ExtentTestManager.java:22)
at com.restfulbooker.apitest.listeners.ExtentTestManager.startTest(ExtentTestManager.java:22)
at com.restfulbooker.apitest.listeners.ExtentTestManager.startTest(ExtentTestManager.java:22)
at com.restfulbooker.apitest.listeners.ExtentTestManager.startTest(ExtentTestManager.java:22)
at com.restfulbooker.apitest.listeners.ExtentTestManager.startTest(ExtentTestManager.java:22)
at com.restfulbooker.apitest.listeners.ExtentTestManager.startTest(ExtentTestManager.java:22)
at com.restfulbooker.apitest.listeners.ExtentTestManager.startTest(ExtentTestManager.java:22)
at com.restfulbooker.apitest.listeners.ExtentTestManager.startTest(ExtentTestManager.java:22)
at com.restfulbooker.apitest.listeners.ExtentTestManager.startTest(ExtentTestManager.java:22)
at com.restfulbooker.apitest.listeners.ExtentTestManager.startTest(ExtentTestManager.java:22)
at com.restfulbooker.apitest.listeners.ExtentTestManager.startTest(ExtentTestManager.java:22)
at com.restfulbooker.apitest.listeners.ExtentTestManager.startTest(ExtentTestManager.java:22)
at com.restfulbooker.apitest.listeners.ExtentTestManager.startTest(ExtentTestManager.java:22)
at com.restfulbooker.apitest.listeners.ExtentTestManager.startTest(ExtentTestManager.java:22)
at com.restfulbooker.apitest.listeners.ExtentTestManager.startTest(ExtentTestManager.java:22)
at com.restfulbooker.apitest.listeners.ExtentTestManager.startTest(ExtentTestManager.java:22)
at com.restfulbooker.apitest.listeners.ExtentTestManager.startTest(ExtentTestManager.java:22)
at com.restfulbooker.apitest.listeners.ExtentTestManager.startTest(ExtentTestManager.java:22)
at com.restfulbooker.apitest.listeners.ExtentTestManager.startTest(ExtentTestManager.java:22)
at com.restfulbooker.apitest.listeners.ExtentTestManager.startTest(ExtentTestManager.java:22)
at com.restfulbooker.apitest.listeners.ExtentTestManager.startTest(ExtentTestManager.java:22)
at com.restfulbooker.apitest.listeners.ExtentTestManager.startTest(ExtentTestManager.java:22)
at com.restfulbooker.apitest.listeners.ExtentTestManager.startTest(ExtentTestManager.java:22)
at com.restfulbooker.apitest.listeners.ExtentTestManager.startTest(ExtentTestManager.java:22)
at com.restfulbooker.apitest.listeners.ExtentTestManager.startTest(ExtentTestManager.java:22)
at com.restfulbooker.apitest.listeners.ExtentTestManager.startTest(ExtentTestManager.java:22)
at com.restfulbooker.apitest.listeners.ExtentTestManager.startTest(ExtentTestManager.java:22)
at com.restfulbooker.apitest.listeners.ExtentTestManager.startTest(ExtentTestManager.java:22)
at com.restfulbooker.apitest.listeners.ExtentTestManager.startTest(ExtentTestManager.java:22)
at com.restfulbooker.apitest.listeners.ExtentTestManager.startTest(ExtentTestManager.java:22)
at com.restfulbooker.apitest.listeners.ExtentTestManager.startTest(ExtentTestManager.java:22)
at com.restfulbooker.apitest.listeners.ExtentTestManager.startTest(ExtentTestManager.java:22)
at com.restfulbooker.apitest.listeners.ExtentTestManager.startTest(ExtentTestManager.java:22)
at com.restfulbooker.apitest.listeners.ExtentTestManager.startTest(ExtentTestManager.java:22)
at com.restfulbooker.apitest.listeners.ExtentTestManager.startTest(ExtentTestManager.java:22)
at com.restfulbooker.apitest.listeners.ExtentTestManager.startTest(ExtentTestManager.java:22)
at com.restfulbooker.apitest.listeners.ExtentTestManager.startTest(ExtentTestManager.java:22)
at com.restfulbooker.apitest.listeners.ExtentTestManager.startTest(ExtentTestManager.java:22)
at com.restfulbooker.apitest.listeners.ExtentTestManager.startTest(ExtentTestManager.java:22)
at com.restfulbooker.apitest.listeners.ExtentTestManager.startTest(ExtentTestManager.java:22)
at com.restfulbooker.apitest.listeners.ExtentTestManager.startTest(ExtentTestManager.java:22)
at com.restfulbooker.apitest.listeners.ExtentTestManager.startTest(ExtentTestManager.java:22)
at com.restfulbooker.apitest.listeners.ExtentTestManager.startTest(ExtentTestManager.java:22)
at com.restfulbooker.apitest.listeners.ExtentTestManager.startTest(ExtentTestManager.java:22)
at com.restfulbooker.apitest.listeners.ExtentTestManager.startTest(ExtentTestManager.java:22)
at com.restfulbooker.apitest.listeners.ExtentTestManager.startTest(ExtentTestManager.java:22)
at com.restfulbooker.apitest.listeners.ExtentTestManager.startTest(ExtentTestManager.java:22)
at com.restfulbooker.apitest.listeners.ExtentTestManager.startTest(ExtentTestManager.java:22)
at com.restfulbooker.apitest.listeners.ExtentTestManager.startTest(ExtentTestManager.java:22)
at com.restfulbooker.apitest.listeners.ExtentTestManager.startTest(ExtentTestManager.java:22)
at com.restfulbooker.apitest.listeners.ExtentTestManager.startTest(ExtentTestManager.java:22)
at com.restfulbooker.apitest.listeners.ExtentTestManager.startTest(ExtentTestManager.java:22)
at com.restfulbooker.apitest.listeners.ExtentTestManager.startTest(ExtentTestManager.java:22)
at com.restfulbooker.apitest.listeners.ExtentTestManager.startTest(ExtentTestManager.java:22)
at com.restfulbooker.apitest.listeners.ExtentTestManager.startTest(ExtentTestManager.java:22)
at com.restfulbooker.apitest.listeners.ExtentTestManager.startTest(ExtentTestManager.java:22)
at com.restfulbooker.apitest.listeners.ExtentTestManager.startTest(ExtentTestManager.java:22)
at com.restfulbooker.apitest.listeners.ExtentTestManager.startTest(ExtentTestManager.java:22)
at com.restfulbooker.apitest.listeners.ExtentTestManager.startTest(ExtentTestManager.java:22)
at com.restfulbooker.apitest.listeners.ExtentTestManager.startTest(ExtentTestManager.java:22)
at com.restfulbooker.apitest.listeners.ExtentTestManager.startTest(ExtentTestManager.java:22)
at com.restfulbooker.apitest.listeners.ExtentTestManager.startTest(ExtentTestManager.java:22)
at com.restfulbooker.apitest.listeners.ExtentTestManager.startTest(ExtentTestManager.java:22)
at com.restfulbooker.apitest.listeners.ExtentTestManager.startTest(ExtentTestManager.java:22)
at com.restfulbooker.apitest.listeners.ExtentTestManager.startTest(ExtentTestManager.java:22)
at com.restfulbooker.apitest.listeners.ExtentTestManager.startTest(ExtentTestManager.java:22)
at com.restfulbooker.apitest.listeners.ExtentTestManager.startTest(ExtentTestManager.java:22)
at com.restfulbooker.apitest.listeners.ExtentTestManager.startTest(ExtentTestManager.java:22)
at com.restfulbooker.apitest.listeners.ExtentTestManager.startTest(ExtentTestManager.java:22)
at com.restfulbooker.apitest.listeners.ExtentTestManager.startTest(ExtentTestManager.java:22)
at com.restfulbooker.apitest.listeners.ExtentTestManager.startTest(ExtentTestManager.java:22)
at com.restfulbooker.apitest.listeners.ExtentTestManager.startTest(ExtentTestManager.java:22)
at com.restfulbooker.apitest.listeners.ExtentTestManager.startTest(ExtentTestManager.java:22)
at com.restfulbooker.apitest.listeners.ExtentTestManager.startTest(ExtentTestManager.java:22)
at com.restfulbooker.apitest.listeners.ExtentTestManager.startTest(ExtentTestManager.java:22)
at com.restfulbooker.apitest.listeners.ExtentTestManager.startTest(ExtentTestManager.java:22)
at com.restfulbooker.apitest.listeners.ExtentTestManager.startTest(ExtentTestManager.java:22)
at com.restfulbooker.apitest.listeners.ExtentTestManager.startTest(ExtentTestManager.java:22)
at com.restfulbooker.apitest.listeners.ExtentTestManager.startTest(ExtentTestManager.java:22)
at com.restfulbooker.apitest.listeners.ExtentTestManager.startTest(ExtentTestManager.java:22)
at com.restfulbooker.apitest.listeners.ExtentTestManager.startTest(ExtentTestManager.java:22)
at com.restfulbooker.apitest.listeners.ExtentTestManager.startTest(ExtentTestManager.java:22)
at com.restfulbooker.apitest.listeners.ExtentTestManager.startTest(ExtentTestManager.java:22)
at com.restfulbooker.apitest.listeners.ExtentTestManager.startTest(ExtentTestManager.java:22)
at com.restfulbooker.apitest.listeners.ExtentTestManager.startTest(ExtentTestManager.java:22)
at com.restfulbooker.apitest.listeners.ExtentTestManager.startTest(ExtentTestManager.java:22)
at com.restfulbooker.apitest.listeners.ExtentTestManager.startTest(ExtentTestManager.java:22)
at com.restfulbooker.apitest.listeners.ExtentTestManager.startTest(ExtentTestManager.java:22)
at com.restfulbooker.apitest.listeners.ExtentTestManager.startTest(ExtentTestManager.java:22)
at com.restfulbooker.apitest.listeners.ExtentTestManager.startTest(ExtentTestManager.java:22)
at com.restfulbooker.apitest.listeners.ExtentTestManager.startTest(ExtentTestManager.java:22)
at com.restfulbooker.apitest.listeners.ExtentTestManager.startTest(ExtentTestManager.java:22)
at com.restfulbooker.apitest.listeners.ExtentTestManager.startTest(ExtentTestManager.java:22)
at com.restfulbooker.apitest.listeners.ExtentTestManager.startTest(ExtentTestManager.java:22)
at com.restfulbooker.apitest.listeners.ExtentTestManager.startTest(ExtentTestManager.java:22)
at com.restfulbooker.apitest.listeners.ExtentTestManager.startTest(ExtentTestManager.java:22)
at com.restfulbooker.apitest.listeners.ExtentTestManager.startTest(ExtentTestManager.java:22)
at com.restfulbooker.apitest.listeners.ExtentTestManager.startTest(ExtentTestManager.java:22)
at com.restfulbooker.apitest.listeners.ExtentTestManager.startTest(ExtentTestManager.java:22)
at com.restfulbooker.apitest.listeners.ExtentTestManager.startTest(ExtentTestManager.java:22)
at com.restfulbooker.apitest.listeners.ExtentTestManager.startTest(ExtentTestManager.java:22)
at com.restfulbooker.apitest.listeners.ExtentTestManager.startTest(ExtentTestManager.java:22)
at com.restfulbooker.apitest.listeners.ExtentTestManager.startTest(ExtentTestManager.java:22)
at com.restfulbooker.apitest.listeners.ExtentTestManager.startTest(ExtentTestManager.java:22)
at com.restfulbooker.apitest.listeners.ExtentTestManager.startTest(ExtentTestManager.java:22)
at com.restfulbooker.apitest.listeners.ExtentTestManager.startTest(ExtentTestManager.java:22)
at com.restfulbooker.apitest.listeners.ExtentTestManager.startTest(ExtentTestManager.java:22)
at com.restfulbooker.apitest.listeners.ExtentTestManager.startTest(ExtentTestManager.java:22)
at com.restfulbooker.apitest.listeners.ExtentTestManager.startTest(ExtentTestManager.java:22)
at com.restfulbooker.apitest.listeners.ExtentTestManager.startTest(ExtentTestManager.java:22)
at com.restfulbooker.apitest.listeners.ExtentTestManager.startTest(ExtentTestManager.java:22)
at com.restfulbooker.apitest.listeners.ExtentTestManager.startTest(ExtentTestManager.java:22)
at com.restfulbooker.apitest.listeners.ExtentTestManager.startTest(ExtentTestManager.java:22)
at com.restfulbooker.apitest.listeners.ExtentTestManager.startTest(ExtentTestManager.java:22)
at com.restfulbooker.apitest.listeners.ExtentTestManager.startTest(ExtentTestManager.java:22)
at com.restfulbooker.apitest.listeners.ExtentTestManager.startTest(ExtentTestManager.java:22)
at com.restfulbooker.apitest.listeners.ExtentTestManager.startTest(ExtentTestManager.java:22)
at com.restfulbooker.apitest.listeners.ExtentTestManager.startTest(ExtentTestManager.java:22)
at com.restfulbooker.apitest.listeners.ExtentTestManager.startTest(ExtentTestManager.java:22)
at com.restfulbooker.apitest.listeners.ExtentTestManager.startTest(ExtentTestManager.java:22)
at com.restfulbooker.apitest.listeners.ExtentTestManager.startTest(ExtentTestManager.java:22)
at com.restfulbooker.apitest.listeners.ExtentTestManager.startTest(ExtentTestManager.java:22)
at com.restfulbooker.apitest.listeners.ExtentTestManager.startTest(ExtentTestManager.java:22)
at com.restfulbooker.apitest.listeners.ExtentTestManager.startTest(ExtentTestManager.java:22)
at com.restfulbooker.apitest.listeners.ExtentTestManager.startTest(ExtentTestManager.java:22)
at com.restfulbooker.apitest.listeners.ExtentTestManager.startTest(ExtentTestManager.java:22)
at com.restfulbooker.apitest.listeners.ExtentTestManager.startTest(ExtentTestManager.java:22)
at com.restfulbooker.apitest.listeners.ExtentTestManager.startTest(ExtentTestManager.java:22)
at com.restfulbooker.apitest.listeners.ExtentTestManager.startTest(ExtentTestManager.java:22)
at com.restfulbooker.apitest.listeners.ExtentTestManager.startTest(ExtentTestManager.java:22)
at com.restfulbooker.apitest.listeners.ExtentTestManager.startTest(ExtentTestManager.java:22)
at com.restfulbooker.apitest.listeners.ExtentTestManager.startTest(ExtentTestManager.java:22)
at com.restfulbooker.apitest.listeners.ExtentTestManager.startTest(ExtentTestManager.java:22)
at com.restfulbooker.apitest.listeners.ExtentTestManager.startTest(ExtentTestManager.java:22)
at com.restfulbooker.apitest.listeners.ExtentTestManager.startTest(ExtentTestManager.java:22)
at com.restfulbooker.apitest.listeners.ExtentTestManager.startTest(ExtentTestManager.java:22)
at com.restfulbooker.apitest.listeners.ExtentTestManager.startTest(ExtentTestManager.java:22)
at com.restfulbooker.apitest.listeners.ExtentTestManager.startTest(ExtentTestManager.java:22)
at com.restfulbooker.apitest.listeners.ExtentTestManager.startTest(ExtentTestManager.java:22)
at com.restfulbooker.apitest.listeners.ExtentTestManager.startTest(ExtentTestManager.java:22)
at com.restfulbooker.apitest.listeners.ExtentTestManager.startTest(ExtentTestManager.java:22)
at com.restfulbooker.apitest.listeners.ExtentTestManager.startTest(ExtentTestManager.java:22)
at com.restfulbooker.apitest.listeners.ExtentTestManager.startTest(ExtentTestManager.java:22)
at com.restfulbooker.apitest.listeners.ExtentTestManager.startTest(ExtentTestManager.java:22)
at com.restfulbooker.apitest.listeners.ExtentTestManager.startTest(ExtentTestManager.java:22)
at com.restfulbooker.apitest.listeners.ExtentTestManager.startTest(ExtentTestManager.java:22)
at com.restfulbooker.apitest.listeners.ExtentTestManager.startTest(ExtentTestManager.java:22)
at com.restfulbooker.apitest.listeners.ExtentTestManager.startTest(ExtentTestManager.java:22)
at com.restfulbooker.apitest.listeners.ExtentTestManager.startTest(ExtentTestManager.java:22)
at com.restfulbooker.apitest.listeners.ExtentTestManager.startTest(ExtentTestManager.java:22)
at com.restfulbooker.apitest.listeners.ExtentTestManager.startTest(ExtentTestManager.java:22)
at com.restfulbooker.apitest.listeners.ExtentTestManager.startTest(ExtentTestManager.java:22)
at com.restfulbooker.apitest.listeners.ExtentTestManager.startTest(ExtentTestManager.java:22)
at com.restfulbooker.apitest.listeners.ExtentTestManager.startTest(ExtentTestManager.java:22)
at com.restfulbooker.apitest.listeners.ExtentTestManager.startTest(ExtentTestManager.java:22)
at com.restfulbooker.apitest.listeners.ExtentTestManager.startTest(ExtentTestManager.java:22)
at com.restfulbooker.apitest.listeners.ExtentTestManager.startTest(ExtentTestManager.java:22)
at com.restfulbooker.apitest.listeners.ExtentTestManager.startTest(ExtentTestManager.java:22)
at com.restfulbooker.apitest.listeners.ExtentTestManager.startTest(ExtentTestManager.java:22)
at com.restfulbooker.apitest.listeners.ExtentTestManager.startTest(ExtentTestManager.java:22)
at com.restfulbooker.apitest.listeners.ExtentTestManager.startTest(ExtentTestManager.java:22)
at com.restfulbooker.apitest.listeners.ExtentTestManager.startTest(ExtentTestManager.java:22)
at com.restfulbooker.apitest.listeners.ExtentTestManager.startTest(ExtentTestManager.java:22)
at com.restfulbooker.apitest.listeners.ExtentTestManager.startTest(ExtentTestManager.java:22)
at com.restfulbooker.apitest.listeners.ExtentTestManager.startTest(ExtentTestManager.java:22)
at com.restfulbooker.apitest.listeners.ExtentTestManager.startTest(ExtentTestManager.java:22)
at com.restfulbooker.apitest.listeners.ExtentTestManager.startTest(ExtentTestManager.java:22)
at com.restfulbooker.apitest.listeners.ExtentTestManager.startTest(ExtentTestManager.java:22)
at com.restfulbooker.apitest.listeners.ExtentTestManager.startTest(ExtentTestManager.java:22)
at com.restfulbooker.apitest.listeners.ExtentTestManager.startTest(ExtentTestManager.java:22)
at com.restfulbooker.apitest.listeners.ExtentTestManager.startTest(ExtentTestManager.java:22)
at com.restfulbooker.apitest.listeners.ExtentTestManager.startTest(ExtentTestManager.java:22)
at com.restfulbooker.apitest.listeners.ExtentTestManager.startTest(ExtentTestManager.java:22)
at com.restfulbooker.apitest.listeners.ExtentTestManager.startTest(ExtentTestManager.java:22)
at com.restfulbooker.apitest.listeners.ExtentTestManager.startTest(ExtentTestManager.java:22)
at com.restfulbooker.apitest.listeners.ExtentTestManager.startTest(ExtentTestManager.java:22)
at com.restfulbooker.apitest.listeners.ExtentTestManager.startTest(ExtentTestManager.java:22)
at com.restfulbooker.apitest.listeners.ExtentTestManager.startTest(ExtentTestManager.java:22)
at com.restfulbooker.apitest.listeners.ExtentTestManager.startTest(ExtentTestManager.java:22)
at com.restfulbooker.apitest.listeners.ExtentTestManager.startTest(ExtentTestManager.java:22)
at com.restfulbooker.apitest.listeners.ExtentTestManager.startTest(ExtentTestManager.java:22)
at com.restfulbooker.apitest.listeners.ExtentTestManager.startTest(ExtentTestManager.java:22)
at com.restfulbooker.apitest.listeners.ExtentTestManager.startTest(ExtentTestManager.java:22)
at com.restfulbooker.apitest.listeners.ExtentTestManager.startTest(ExtentTestManager.java:22)
at com.restfulbooker.apitest.listeners.ExtentTestManager.startTest(ExtentTestManager.java:22)
at com.restfulbooker.apitest.listeners.ExtentTestManager.startTest(ExtentTestManager.java:22)
at com.restfulbooker.apitest.listeners.ExtentTestManager.startTest(ExtentTestManager.java:22)
at com.restfulbooker.apitest.listeners.ExtentTestManager.startTest(ExtentTestManager.java:22)
at com.restfulbooker.apitest.listeners.ExtentTestManager.startTest(ExtentTestManager.java:22)
at com.restfulbooker.apitest.listeners.ExtentTestManager.startTest(ExtentTestManager.java:22)
at com.restfulbooker.apitest.listeners.ExtentTestManager.startTest(ExtentTestManager.java:22)
at com.restfulbooker.apitest.listeners.ExtentTestManager.startTest(ExtentTestManager.java:22)
at com.restfulbooker.apitest.listeners.ExtentTestManager.startTest(ExtentTestManager.java:22)
at com.restfulbooker.apitest.listeners.ExtentTestManager.startTest(ExtentTestManager.java:22)
at com.restfulbooker.apitest.listeners.ExtentTestManager.startTest(ExtentTestManager.java:22)
at com.restfulbooker.apitest.listeners.ExtentTestManager.startTest(ExtentTestManager.java:22)
at com.restfulbooker.apitest.listeners.ExtentTestManager.startTest(ExtentTestManager.java:22)
at com.restfulbooker.apitest.listeners.ExtentTestManager.startTest(ExtentTestManager.java:22)
at com.restfulbooker.apitest.listeners.ExtentTestManager.startTest(ExtentTestManager.java:22)
at com.restfulbooker.apitest.listeners.ExtentTestManager.startTest(ExtentTestManager.java:22)
at com.restfulbooker.apitest.listeners.ExtentTestManager.startTest(ExtentTestManager.java:22)
at com.restfulbooker.apitest.listeners.ExtentTestManager.startTest(ExtentTestManager.java:22)
at com.restfulbooker.apitest.listeners.ExtentTestManager.startTest(ExtentTestManager.java:22)
at com.restfulbooker.apitest.listeners.ExtentTestManager.startTest(ExtentTestManager.java:22)
at com.restfulbooker.apitest.listeners.ExtentTestManager.startTest(ExtentTestManager.java:22)
at com.restfulbooker.apitest.listeners.ExtentTestManager.startTest(ExtentTestManager.java:22)
at com.restfulbooker.apitest.listeners.ExtentTestManager.startTest(ExtentTestManager.java:22)
at com.restfulbooker.apitest.listeners.ExtentTestManager.startTest(ExtentTestManager.java:22)
at com.restfulbooker.apitest.listeners.ExtentTestManager.startTest(ExtentTestManager.java:22)
at com.restfulbooker.apitest.listeners.ExtentTestManager.startTest(ExtentTestManager.java:22)
at com.restfulbooker.apitest.listeners.ExtentTestManager.startTest(ExtentTestManager.java:22)
at com.restfulbooker.apitest.listeners.ExtentTestManager.startTest(ExtentTestManager.java:22)
at com.restfulbooker.apitest.listeners.ExtentTestManager.startTest(ExtentTestManager.java:22)
at com.restfulbooker.apitest.listeners.ExtentTestManager.startTest(ExtentTestManager.java:22)
at com.restfulbooker.apitest.listeners.ExtentTestManager.startTest(ExtentTestManager.java:22)
at com.restfulbooker.apitest.listeners.ExtentTestManager.startTest(ExtentTestManager.java:22)
at com.restfulbooker.apitest.listeners.ExtentTestManager.startTest(ExtentTestManager.java:22)
at com.restfulbooker.apitest.listeners.ExtentTestManager.startTest(ExtentTestManager.java:22)
at com.restfulbooker.apitest.listeners.ExtentTestManager.startTest(ExtentTestManager.java:22)
at com.restfulbooker.apitest.listeners.ExtentTestManager.startTest(ExtentTestManager.java:22)
at com.restfulbooker.apitest.listeners.ExtentTestManager.startTest(ExtentTestManager.java:22)
at com.restfulbooker.apitest.listeners.ExtentTestManager.startTest(ExtentTestManager.java:22)
at com.restfulbooker.apitest.listeners.ExtentTestManager.startTest(ExtentTestManager.java:22)
at com.restfulbooker.apitest.listeners.ExtentTestManager.startTest(ExtentTestManager.java:22)
at com.restfulbooker.apitest.listeners.ExtentTestManager.startTest(ExtentTestManager.java:22)
at com.restfulbooker.apitest.listeners.ExtentTestManager.startTest(ExtentTestManager.java:22)
at com.restfulbooker.apitest.listeners.ExtentTestManager.startTest(ExtentTestManager.java:22)
at com.restfulbooker.apitest.listeners.ExtentTestManager.startTest(ExtentTestManager.java:22)
at com.restfulbooker.apitest.listeners.ExtentTestManager.startTest(ExtentTestManager.java:22)
at com.restfulbooker.apitest.listeners.ExtentTestManager.startTest(ExtentTestManager.java:22)
at com.restfulbooker.apitest.listeners.ExtentTestManager.startTest(ExtentTestManager.java:22)
at com.restfulbooker.apitest.listeners.ExtentTestManager.startTest(ExtentTestManager.java:22)
at com.restfulbooker.apitest.listeners.ExtentTestManager.startTest(ExtentTestManager.java:22)
at com.restfulbooker.apitest.listeners.ExtentTestManager.startTest(ExtentTestManager.java:22)
at com.restfulbooker.apitest.listeners.ExtentTestManager.startTest(ExtentTestManager.java:22)
at com.restfulbooker.apitest.listeners.ExtentTestManager.startTest(ExtentTestManager.java:22)
at com.restfulbooker.apitest.listeners.ExtentTestManager.startTest(ExtentTestManager.java:22)
at com.restfulbooker.apitest.listeners.ExtentTestManager.startTest(ExtentTestManager.java:22)
at com.restfulbooker.apitest.listeners.ExtentTestManager.startTest(ExtentTestManager.java:22)
at com.restfulbooker.apitest.listeners.ExtentTestManager.startTest(ExtentTestManager.java:22)
at com.restfulbooker.apitest.listeners.ExtentTestManager.startTest(ExtentTestManager.java:22)
at com.restfulbooker.apitest.listeners.ExtentTestManager.startTest(ExtentTestManager.java:22)
at com.restfulbooker.apitest.listeners.ExtentTestManager.startTest(ExtentTestManager.java:22)
at com.restfulbooker.apitest.listeners.ExtentTestManager.startTest(ExtentTestManager.java:22)
at com.restfulbooker.apitest.listeners.ExtentTestManager.startTest(ExtentTestManager.java:22)
at com.restfulbooker.apitest.listeners.ExtentTestManager.startTest(ExtentTestManager.java:22)
at com.restfulbooker.apitest.listeners.ExtentTestManager.startTest(ExtentTestManager.java:22)
at com.restfulbooker.apitest.listeners.ExtentTestManager.startTest(ExtentTestManager.java:22)
at com.restfulbooker.apitest.listeners.ExtentTestManager.startTest(ExtentTestManager.java:22)
at com.restfulbooker.apitest.listeners.ExtentTestManager.startTest(ExtentTestManager.java:22)
at com.restfulbooker.apitest.listeners.ExtentTestManager.startTest(ExtentTestManager.java:22)
at com.restfulbooker.apitest.listeners.ExtentTestManager.startTest(ExtentTestManager.java:22)
at com.restfulbooker.apitest.listeners.ExtentTestManager.startTest(ExtentTestManager.java:22)
at com.restfulbooker.apitest.listeners.ExtentTestManager.startTest(ExtentTestManager.java:22)
at com.restfulbooker.apitest.listeners.ExtentTestManager.startTest(ExtentTestManager.java:22)
at com.restfulbooker.apitest.listeners.ExtentTestManager.startTest(ExtentTestManager.java:22)
at com.restfulbooker.apitest.listeners.ExtentTestManager.startTest(ExtentTestManager.java:22)
at com.restfulbooker.apitest.listeners.ExtentTestManager.startTest(ExtentTestManager.java:22)
at com.restfulbooker.apitest.listeners.ExtentTestManager.startTest(ExtentTestManager.java:22)
at com.restfulbooker.apitest.listeners.ExtentTestManager.startTest(ExtentTestManager.java:22)
at com.restfulbooker.apitest.listeners.ExtentTestManager.startTest(ExtentTestManager.java:22)
at com.restfulbooker.apitest.listeners.ExtentTestManager.startTest(ExtentTestManager.java:22)
at com.restfulbooker.apitest.listeners.ExtentTestManager.startTest(ExtentTestManager.java:22)
at com.restfulbooker.apitest.listeners.ExtentTestManager.startTest(ExtentTestManager.java:22)
at com.restfulbooker.apitest.listeners.ExtentTestManager.startTest(ExtentTestManager.java:22)
at com.restfulbooker.apitest.listeners.ExtentTestManager.startTest(ExtentTestManager.java:22)
at com.restfulbooker.apitest.listeners.ExtentTestManager.startTest(ExtentTestManager.java:22)
at com.restfulbooker.apitest.listeners.ExtentTestManager.startTest(ExtentTestManager.java:22)
at com.restfulbooker.apitest.listeners.ExtentTestManager.startTest(ExtentTestManager.java:22)
at com.restfulbooker.apitest.listeners.ExtentTestManager.startTest(ExtentTestManager.java:22)
at com.restfulbooker.apitest.listeners.ExtentTestManager.startTest(ExtentTestManager.java:22)
at com.restfulbooker.apitest.listeners.ExtentTestManager.startTest(ExtentTestManager.java:22)
at com.restfulbooker.apitest.listeners.ExtentTestManager.startTest(ExtentTestManager.java:22)
at com.restfulbooker.apitest.listeners.ExtentTestManager.startTest(ExtentTestManager.java:22)
at com.restfulbooker.apitest.listeners.ExtentTestManager.startTest(ExtentTestManager.java:22)
at com.restfulbooker.apitest.listeners.ExtentTestManager.startTest(ExtentTestManager.java:22)
at com.restfulbooker.apitest.listeners.ExtentTestManager.startTest(ExtentTestManager.java:22)
at com.restfulbooker.apitest.listeners.ExtentTestManager.startTest(ExtentTestManager.java:22)
at com.restfulbooker.apitest.listeners.ExtentTestManager.startTest(ExtentTestManager.java:22)
at com.restfulbooker.apitest.listeners.ExtentTestManager.startTest(ExtentTestManager.java:22)
at com.restfulbooker.apitest.listeners.ExtentTestManager.startTest(ExtentTestManager.java:22)
at com.restfulbooker.apitest.listeners.ExtentTestManager.startTest(ExtentTestManager.java:22)
at com.restfulbooker.apitest.listeners.ExtentTestManager.startTest(ExtentTestManager.java:22)
at com.restfulbooker.apitest.listeners.ExtentTestManager.startTest(ExtentTestManager.java:22)
at com.restfulbooker.apitest.listeners.ExtentTestManager.startTest(ExtentTestManager.java:22)
at com.restfulbooker.apitest.listeners.ExtentTestManager.startTest(ExtentTestManager.java:22)
at com.restfulbooker.apitest.listeners.ExtentTestManager.startTest(ExtentTestManager.java:22)
at com.restfulbooker.apitest.listeners.ExtentTestManager.startTest(ExtentTestManager.java:22)
at com.restfulbooker.apitest.listeners.ExtentTestManager.startTest(ExtentTestManager.java:22)
at com.restfulbooker.apitest.listeners.ExtentTestManager.startTest(ExtentTestManager.java:22)
at com.restfulbooker.apitest.listeners.ExtentTestManager.startTest(ExtentTestManager.java:22)
at com.restfulbooker.apitest.listeners.ExtentTestManager.startTest(ExtentTestManager.java:22)
at com.restfulbooker.apitest.listeners.ExtentTestManager.startTest(ExtentTestManager.java:22)
at com.restfulbooker.apitest.listeners.ExtentTestManager.startTest(ExtentTestManager.java:22)
at com.restfulbooker.apitest.listeners.ExtentTestManager.startTest(ExtentTestManager.java:22)
at com.restfulbooker.apitest.listeners.ExtentTestManager.startTest(ExtentTestManager.java:22)
at com.restfulbooker.apitest.listeners.ExtentTestManager.startTest(ExtentTestManager.java:22)
at com.restfulbooker.apitest.listeners.ExtentTestManager.startTest(ExtentTestManager.java:22)
at com.restfulbooker.apitest.listeners.ExtentTestManager.startTest(ExtentTestManager.java:22)
at com.restfulbooker.apitest.listeners.ExtentTestManager.startTest(ExtentTestManager.java:22)
at com.restfulbooker.apitest.listeners.ExtentTestManager.startTest(ExtentTestManager.java:22)
at com.restfulbooker.apitest.listeners.ExtentTestManager.startTest(ExtentTestManager.java:22)
at com.restfulbooker.apitest.listeners.ExtentTestManager.startTest(ExtentTestManager.java:22)
at com.restfulbooker.apitest.listeners.ExtentTestManager.startTest(ExtentTestManager.java:22)
at com.restfulbooker.apitest.listeners.ExtentTestManager.startTest(ExtentTestManager.java:22)
at com.restfulbooker.apitest.listeners.ExtentTestManager.startTest(ExtentTestManager.java:22)
at com.restfulbooker.apitest.listeners.ExtentTestManager.startTest(ExtentTestManager.java:22)
at com.restfulbooker.apitest.listeners.ExtentTestManager.startTest(ExtentTestManager.java:22)
at com.restfulbooker.apitest.listeners.ExtentTestManager.startTest(ExtentTestManager.java:22)
at com.restfulbooker.apitest.listeners.ExtentTestManager.startTest(ExtentTestManager.java:22)
at com.restfulbooker.apitest.listeners.ExtentTestManager.startTest(ExtentTestManager.java:22)
at com.restfulbooker.apitest.listeners.ExtentTestManager.startTest(ExtentTestManager.java:22)
at com.restfulbooker.apitest.listeners.ExtentTestManager.startTest(ExtentTestManager.java:22)
at com.restfulbooker.apitest.listeners.ExtentTestManager.startTest(ExtentTestManager.java:22)
at com.restfulbooker.apitest.listeners.ExtentTestManager.startTest(ExtentTestManager.java:22)
at com.restfulbooker.apitest.listeners.ExtentTestManager.startTest(ExtentTestManager.java:22)
at com.restfulbooker.apitest.listeners.ExtentTestManager.startTest(ExtentTestManager.java:22)
at com.restfulbooker.apitest.listeners.ExtentTestManager.startTest(ExtentTestManager.java:22)
at com.restfulbooker.apitest.listeners.ExtentTestManager.startTest(ExtentTestManager.java:22)
at com.restfulbooker.apitest.listeners.ExtentTestManager.startTest(ExtentTestManager.java:22)
at com.restfulbooker.apitest.listeners.ExtentTestManager.startTest(ExtentTestManager.java:22)
at com.restfulbooker.apitest.listeners.ExtentTestManager.startTest(ExtentTestManager.java:22)
at com.restfulbooker.apitest.listeners.ExtentTestManager.startTest(ExtentTestManager.java:22)
at com.restfulbooker.apitest.listeners.ExtentTestManager.startTest(ExtentTestManager.java:22)
at com.restfulbooker.apitest.listeners.ExtentTestManager.startTest(ExtentTestManager.java:22)
at com.restfulbooker.apitest.listeners.ExtentTestManager.startTest(ExtentTestManager.java:22)
at com.restfulbooker.apitest.listeners.ExtentTestManager.startTest(ExtentTestManager.java:22)
at com.restfulbooker.apitest.listeners.ExtentTestManager.startTest(ExtentTestManager.java:22)
at com.restfulbooker.apitest.listeners.ExtentTestManager.startTest(ExtentTestManager.java:22)
at com.restfulbooker.apitest.listeners.ExtentTestManager.startTest(ExtentTestManager.java:22)
at com.restfulbooker.apitest.listeners.ExtentTestManager.startTest(ExtentTestManager.java:22)
at com.restfulbooker.apitest.listeners.ExtentTestManager.startTest(ExtentTestManager.java:22)
at com.restfulbooker.apitest.listeners.ExtentTestManager.startTest(ExtentTestManager.java:22)
at com.restfulbooker.apitest.listeners.ExtentTestManager.startTest(ExtentTestManager.java:22)
at com.restfulbooker.apitest.listeners.ExtentTestManager.startTest(ExtentTestManager.java:22)
at com.restfulbooker.apitest.listeners.ExtentTestManager.startTest(ExtentTestManager.java:22)
at com.restfulbooker.apitest.listeners.ExtentTestManager.startTest(ExtentTestManager.java:22)
at com.restfulbooker.apitest.listeners.ExtentTestManager.startTest(ExtentTestManager.java:22)
at com.restfulbooker.apitest.listeners.ExtentTestManager.startTest(ExtentTestManager.java:22)
at com.restfulbooker.apitest.listeners.ExtentTestManager.startTest(ExtentTestManager.java:22)
at com.restfulbooker.apitest.listeners.ExtentTestManager.startTest(ExtentTestManager.java:22)
at com.restfulbooker.apitest.listeners.ExtentTestManager.startTest(ExtentTestManager.java:22)
at com.restfulbooker.apitest.listeners.ExtentTestManager.startTest(ExtentTestManager.java:22)
at com.restfulbooker.apitest.listeners.ExtentTestManager.startTest(ExtentTestManager.java:22)
at com.restfulbooker.apitest.listeners.ExtentTestManager.startTest(ExtentTestManager.java:22)
at com.restfulbooker.apitest.listeners.ExtentTestManager.startTest(ExtentTestManager.java:22)
at com.restfulbooker.apitest.listeners.ExtentTestManager.startTest(ExtentTestManager.java:22)
at com.restfulbooker.apitest.listeners.ExtentTestManager.startTest(ExtentTestManager.java:22)
at com.restfulbooker.apitest.listeners.ExtentTestManager.startTest(ExtentTestManager.java:22)
at com.restfulbooker.apitest.listeners.ExtentTestManager.startTest(ExtentTestManager.java:22)
at com.restfulbooker.apitest.listeners.ExtentTestManager.startTest(ExtentTestManager.java:22)
at com.restfulbooker.apitest.listeners.ExtentTestManager.startTest(ExtentTestManager.java:22)
at com.restfulbooker.apitest.listeners.ExtentTestManager.startTest(ExtentTestManager.java:22)
at com.restfulbooker.apitest.listeners.ExtentTestManager.startTest(ExtentTestManager.java:22)
at com.restfulbooker.apitest.listeners.ExtentTestManager.startTest(ExtentTestManager.java:22)
at com.restfulbooker.apitest.listeners.ExtentTestManager.startTest(ExtentTestManager.java:22)
at com.restfulbooker.apitest.listeners.ExtentTestManager.startTest(ExtentTestManager.java:22)
at com.restfulbooker.apitest.listeners.ExtentTestManager.startTest(ExtentTestManager.java:22)
at com.restfulbooker.apitest.listeners.ExtentTestManager.startTest(ExtentTestManager.java:22)
at com.restfulbooker.apitest.listeners.ExtentTestManager.startTest(ExtentTestManager.java:22)
at com.restfulbooker.apitest.listeners.ExtentTestManager.startTest(ExtentTestManager.java:22)
at com.restfulbooker.apitest.listeners.ExtentTestManager.startTest(ExtentTestManager.java:22)
at com.restfulbooker.apitest.listeners.ExtentTestManager.startTest(ExtentTestManager.java:22)
at com.restfulbooker.apitest.listeners.ExtentTestManager.startTest(ExtentTestManager.java:22)
at com.restfulbooker.apitest.listeners.ExtentTestManager.startTest(ExtentTestManager.java:22)
at com.restfulbooker.apitest.listeners.ExtentTestManager.startTest(ExtentTestManager.java:22)
at com.restfulbooker.apitest.listeners.ExtentTestManager.startTest(ExtentTestManager.java:22)
at com.restfulbooker.apitest.listeners.ExtentTestManager.startTest(ExtentTestManager.java:22)
at com.restfulbooker.apitest.listeners.ExtentTestManager.startTest(ExtentTestManager.java:22)
at com.restfulbooker.apitest.listeners.ExtentTestManager.startTest(ExtentTestManager.java:22)
at com.restfulbooker.apitest.listeners.ExtentTestManager.startTest(ExtentTestManager.java:22)
at com.restfulbooker.apitest.listeners.ExtentTestManager.startTest(ExtentTestManager.java:22)
at com.restfulbooker.apitest.listeners.ExtentTestManager.startTest(ExtentTestManager.java:22)
at com.restfulbooker.apitest.listeners.ExtentTestManager.startTest(ExtentTestManager.java:22)
at com.restfulbooker.apitest.listeners.ExtentTestManager.startTest(ExtentTestManager.java:22)
at com.restfulbooker.apitest.listeners.ExtentTestManager.startTest(ExtentTestManager.java:22)
at com.restfulbooker.apitest.listeners.ExtentTestManager.startTest(ExtentTestManager.java:22)
at com.restfulbooker.apitest.listeners.ExtentTestManager.startTest(ExtentTestManager.java:22)
at com.restfulbooker.apitest.listeners.ExtentTestManager.startTest(ExtentTestManager.java:22)
at com.restfulbooker.apitest.listeners.ExtentTestManager.startTest(ExtentTestManager.java:22)
at com.restfulbooker.apitest.listeners.ExtentTestManager.startTest(ExtentTestManager.java:22)
at com.restfulbooker.apitest.listeners.ExtentTestManager.startTest(ExtentTestManager.java:22)
at com.restfulbooker.apitest.listeners.ExtentTestManager.startTest(ExtentTestManager.java:22)
at com.restfulbooker.apitest.listeners.ExtentTestManager.startTest(ExtentTestManager.java:22)
at com.restfulbooker.apitest.listeners.ExtentTestManager.startTest(ExtentTestManager.java:22)
at com.restfulbooker.apitest.listeners.ExtentTestManager.startTest(ExtentTestManager.java:22)
at com.restfulbooker.apitest.listeners.ExtentTestManager.startTest(ExtentTestManager.java:22)
at com.restfulbooker.apitest.listeners.ExtentTestManager.startTest(ExtentTestManager.java:22)
at com.restfulbooker.apitest.listeners.ExtentTestManager.startTest(ExtentTestManager.java:22)
at com.restfulbooker.apitest.listeners.ExtentTestManager.startTest(ExtentTestManager.java:22)
at com.restfulbooker.apitest.listeners.ExtentTestManager.startTest(ExtentTestManager.java:22)
at com.restfulbooker.apitest.listeners.ExtentTestManager.startTest(ExtentTestManager.java:22)
at com.restfulbooker.apitest.listeners.ExtentTestManager.startTest(ExtentTestManager.java:22)
at com.restfulbooker.apitest.listeners.ExtentTestManager.startTest(ExtentTestManager.java:22)
at com.restfulbooker.apitest.listeners.ExtentTestManager.startTest(ExtentTestManager.java:22)
at com.restfulbooker.apitest.listeners.ExtentTestManager.startTest(ExtentTestManager.java:22)
at com.restfulbooker.apitest.listeners.ExtentTestManager.startTest(ExtentTestManager.java:22)
at com.restfulbooker.apitest.listeners.ExtentTestManager.startTest(ExtentTestManager.java:22)
at com.restfulbooker.apitest.listeners.ExtentTestManager.startTest(ExtentTestManager.java:22)
at com.restfulbooker.apitest.listeners.ExtentTestManager.startTest(ExtentTestManager.java:22)
at com.restfulbooker.apitest.listeners.ExtentTestManager.startTest(ExtentTestManager.java:22)
at com.restfulbooker.apitest.listeners.ExtentTestManager.startTest(ExtentTestManager.java:22)
at com.restfulbooker.apitest.listeners.ExtentTestManager.startTest(ExtentTestManager.java:22)
at com.restfulbooker.apitest.listeners.ExtentTestManager.startTest(ExtentTestManager.java:22)
at com.restfulbooker.apitest.listeners.ExtentTestManager.startTest(ExtentTestManager.java:22)
at com.restfulbooker.apitest.listeners.ExtentTestManager.startTest(ExtentTestManager.java:22)
at com.restfulbooker.apitest.listeners.ExtentTestManager.startTest(ExtentTestManager.java:22)
at com.restfulbooker.apitest.listeners.ExtentTestManager.startTest(ExtentTestManager.java:22)
at com.restfulbooker.apitest.listeners.ExtentTestManager.startTest(ExtentTestManager.java:22)
at com.restfulbooker.apitest.listeners.ExtentTestManager.startTest(ExtentTestManager.java:22)
at com.restfulbooker.apitest.listeners.ExtentTestManager.startTest(ExtentTestManager.java:22)
at com.restfulbooker.apitest.listeners.ExtentTestManager.startTest(ExtentTestManager.java:22)
at com.restfulbooker.apitest.listeners.ExtentTestManager.startTest(ExtentTestManager.java:22)
at com.restfulbooker.apitest.listeners.ExtentTestManager.startTest(ExtentTestManager.java:22)
at com.restfulbooker.apitest.listeners.ExtentTestManager.startTest(ExtentTestManager.java:22)
at com.restfulbooker.apitest.listeners.ExtentTestManager.startTest(ExtentTestManager.java:22)
at com.restfulbooker.apitest.listeners.ExtentTestManager.startTest(ExtentTestManager.java:22)
at com.restfulbooker.apitest.listeners.ExtentTestManager.startTest(ExtentTestManager.java:22)
at com.restfulbooker.apitest.listeners.ExtentTestManager.startTest(ExtentTestManager.java:22)
at com.restfulbooker.apitest.listeners.ExtentTestManager.startTest(ExtentTestManager.java:22)
at com.restfulbooker.apitest.listeners.ExtentTestManager.startTest(ExtentTestManager.java:22)
at com.restfulbooker.apitest.listeners.ExtentTestManager.startTest(ExtentTestManager.java:22)
at com.restfulbooker.apitest.listeners.ExtentTestManager.startTest(ExtentTestManager.java:22)
at com.restfulbooker.apitest.listeners.ExtentTestManager.startTest(ExtentTestManager.java:22)
at com.restfulbooker.apitest.listeners.ExtentTestManager.startTest(ExtentTestManager.java:22)
at com.restfulbooker.apitest.listeners.ExtentTestManager.startTest(ExtentTestManager.java:22)
at com.restfulbooker.apitest.listeners.ExtentTestManager.startTest(ExtentTestManager.java:22)
at com.restfulbooker.apitest.listeners.ExtentTestManager.startTest(ExtentTestManager.java:22)
at com.restfulbooker.apitest.listeners.ExtentTestManager.startTest(ExtentTestManager.java:22)
at com.restfulbooker.apitest.listeners.ExtentTestManager.startTest(ExtentTestManager.java:22)
at com.restfulbooker.apitest.listeners.ExtentTestManager.startTest(ExtentTestManager.java:22)
at com.restfulbooker.apitest.listeners.ExtentTestManager.startTest(ExtentTestManager.java:22)
at com.restfulbooker.apitest.listeners.ExtentTestManager.startTest(ExtentTestManager.java:22)
at com.restfulbooker.apitest.listeners.ExtentTestManager.startTest(ExtentTestManager.java:22)
at com.restfulbooker.apitest.listeners.ExtentTestManager.startTest(ExtentTestManager.java:22)
at com.restfulbooker.apitest.listeners.ExtentTestManager.startTest(ExtentTestManager.java:22)
at com.restfulbooker.apitest.listeners.ExtentTestManager.startTest(ExtentTestManager.java:22)
at com.restfulbooker.apitest.listeners.ExtentTestManager.startTest(ExtentTestManager.java:22)
at com.restfulbooker.apitest.listeners.ExtentTestManager.startTest(ExtentTestManager.java:22)
at com.restfulbooker.apitest.listeners.ExtentTestManager.startTest(ExtentTestManager.java:22)
at com.restfulbooker.apitest.listeners.ExtentTestManager.startTest(ExtentTestManager.java:22)
at com.restfulbooker.apitest.listeners.ExtentTestManager.startTest(ExtentTestManager.java:22)
at com.restfulbooker.apitest.listeners.ExtentTestManager.startTest(ExtentTestManager.java:22)
at com.restfulbooker.apitest.listeners.ExtentTestManager.startTest(ExtentTestManager.java:22)
at com.restfulbooker.apitest.listeners.ExtentTestManager.startTest(ExtentTestManager.java:22)
at com.restfulbooker.apitest.listeners.ExtentTestManager.startTest(ExtentTestManager.java:22)
at com.restfulbooker.apitest.listeners.ExtentTestManager.startTest(ExtentTestManager.java:22)
at com.restfulbooker.apitest.listeners.ExtentTestManager.startTest(ExtentTestManager.java:22)
at com.restfulbooker.apitest.listeners.ExtentTestManager.startTest(ExtentTestManager.java:22)
at com.restfulbooker.apitest.listeners.ExtentTestManager.startTest(ExtentTestManager.java:22)
at com.restfulbooker.apitest.listeners.ExtentTestManager.startTest(ExtentTestManager.java:22)
at com.restfulbooker.apitest.listeners.ExtentTestManager.startTest(ExtentTestManager.java:22)
at com.restfulbooker.apitest.listeners.ExtentTestManager.startTest(ExtentTestManager.java:22)
at com.restfulbooker.apitest.listeners.ExtentTestManager.startTest(ExtentTestManager.java:22)
at com.restfulbooker.apitest.listeners.ExtentTestManager.startTest(ExtentTestManager.java:22)
at com.restfulbooker.apitest.listeners.ExtentTestManager.startTest(ExtentTestManager.java:22)
at com.restfulbooker.apitest.listeners.ExtentTestManager.startTest(ExtentTestManager.java:22)
at com.restfulbooker.apitest.listeners.ExtentTestManager.startTest(ExtentTestManager.java:22)
at com.restfulbooker.apitest.listeners.ExtentTestManager.startTest(ExtentTestManager.java:22)
at com.restfulbooker.apitest.listeners.ExtentTestManager.startTest(ExtentTestManager.java:22)
at com.restfulbooker.apitest.listeners.ExtentTestManager.startTest(ExtentTestManager.java:22)
at com.restfulbooker.apitest.listeners.ExtentTestManager.startTest(ExtentTestManager.java:22)
at com.restfulbooker.apitest.listeners.ExtentTestManager.startTest(ExtentTestManager.java:22)
at com.restfulbooker.apitest.listeners.ExtentTestManager.startTest(ExtentTestManager.java:22)
at com.restfulbooker.apitest.listeners.ExtentTestManager.startTest(ExtentTestManager.java:22)
at com.restfulbooker.apitest.listeners.ExtentTestManager.startTest(ExtentTestManager.java:22)
at com.restfulbooker.apitest.listeners.ExtentTestManager.startTest(ExtentTestManager.java:22)
at com.restfulbooker.apitest.listeners.ExtentTestManager.startTest(ExtentTestManager.java:22)
at com.restfulbooker.apitest.listeners.ExtentTestManager.startTest(ExtentTestManager.java:22)
at com.restfulbooker.apitest.listeners.ExtentTestManager.startTest(ExtentTestManager.java:22)
at com.restfulbooker.apitest.listeners.ExtentTestManager.startTest(ExtentTestManager.java:22)
at com.restfulbooker.apitest.listeners.ExtentTestManager.startTest(ExtentTestManager.java:22)
at com.restfulbooker.apitest.listeners.ExtentTestManager.startTest(ExtentTestManager.java:22)
at com.restfulbooker.apitest.listeners.ExtentTestManager.startTest(ExtentTestManager.java:22)
at com.restfulbooker.apitest.listeners.ExtentTestManager.startTest(ExtentTestManager.java:22)
at com.restfulbooker.apitest.listeners.ExtentTestManager.startTest(ExtentTestManager.java:22)
at com.restfulbooker.apitest.listeners.ExtentTestManager.startTest(ExtentTestManager.java:22)
at com.restfulbooker.apitest.listeners.ExtentTestManager.startTest(ExtentTestManager.java:22)
at com.restfulbooker.apitest.listeners.ExtentTestManager.startTest(ExtentTestManager.java:22)
at com.restfulbooker.apitest.listeners.ExtentTestManager.startTest(ExtentTestManager.java:22)
at com.restfulbooker.apitest.listeners.ExtentTestManager.startTest(ExtentTestManager.java:22)
at com.restfulbooker.apitest.listeners.ExtentTestManager.startTest(ExtentTestManager.java:22)
at com.restfulbooker.apitest.listeners.ExtentTestManager.startTest(ExtentTestManager.java:22)
at com.restfulbooker.apitest.listeners.ExtentTestManager.startTest(ExtentTestManager.java:22)
at com.restfulbooker.apitest.listeners.ExtentTestManager.startTest(ExtentTestManager.java:22)
at com.restfulbooker.apitest.listeners.ExtentTestManager.startTest(ExtentTestManager.java:22)
at com.restfulbooker.apitest.listeners.ExtentTestManager.startTest(ExtentTestManager.java:22)
at com.restfulbooker.apitest.listeners.ExtentTestManager.startTest(ExtentTestManager.java:22)
at com.restfulbooker.apitest.listeners.ExtentTestManager.startTest(ExtentTestManager.java:22)
at com.restfulbooker.apitest.listeners.ExtentTestManager.startTest(ExtentTestManager.java:22)
at com.restfulbooker.apitest.listeners.ExtentTestManager.startTest(ExtentTestManager.java:22)
at com.restfulbooker.apitest.listeners.ExtentTestManager.startTest(ExtentTestManager.java:22)
at com.restfulbooker.apitest.listeners.ExtentTestManager.startTest(ExtentTestManager.java:22)
at com.restfulbooker.apitest.listeners.ExtentTestManager.startTest(ExtentTestManager.java:22)
at com.restfulbooker.apitest.listeners.ExtentTestManager.startTest(ExtentTestManager.java:22)
at com.restfulbooker.apitest.listeners.ExtentTestManager.startTest(ExtentTestManager.java:22)
at com.restfulbooker.apitest.listeners.ExtentTestManager.startTest(ExtentTestManager.java:22)
at com.restfulbooker.apitest.listeners.ExtentTestManager.startTest(ExtentTestManager.java:22)
at com.restfulbooker.apitest.listeners.ExtentTestManager.startTest(ExtentTestManager.java:22)
at com.restfulbooker.apitest.listeners.ExtentTestManager.startTest(ExtentTestManager.java:22)
at com.restfulbooker.apitest.listeners.ExtentTestManager.startTest(ExtentTestManager.java:22)
at com.restfulbooker.apitest.listeners.ExtentTestManager.startTest(ExtentTestManager.java:22)
at com.restfulbooker.apitest.listeners.ExtentTestManager.startTest(ExtentTestManager.java:22)
at com.restfulbooker.apitest.listeners.ExtentTestManager.startTest(ExtentTestManager.java:22)
at com.restfulbooker.apitest.listeners.ExtentTestManager.startTest(ExtentTestManager.java:22)
at com.restfulbooker.apitest.listeners.ExtentTestManager.startTest(ExtentTestManager.java:22)
at com.restfulbooker.apitest.listeners.ExtentTestManager.startTest(ExtentTestManager.java:22)
at com.restfulbooker.apitest.listeners.ExtentTestManager.startTest(ExtentTestManager.java:22)
at com.restfulbooker.apitest.listeners.ExtentTestManager.startTest(ExtentTestManager.java:22)
at com.restfulbooker.apitest.listeners.ExtentTestManager.startTest(ExtentTestManager.java:22)
at com.restfulbooker.apitest.listeners.ExtentTestManager.startTest(ExtentTestManager.java:22)
at com.restfulbooker.apitest.listeners.ExtentTestManager.startTest(ExtentTestManager.java:22)
at com.restfulbooker.apitest.listeners.ExtentTestManager.startTest(ExtentTestManager.java:22)
at com.restfulbooker.apitest.listeners.ExtentTestManager.startTest(ExtentTestManager.java:22)
at com.restfulbooker.apitest.listeners.ExtentTestManager.startTest(ExtentTestManager.java:22)
at com.restfulbooker.apitest.listeners.ExtentTestManager.startTest(ExtentTestManager.java:22)
at com.restfulbooker.apitest.listeners.ExtentTestManager.startTest(ExtentTestManager.java:22)
at com.restfulbooker.apitest.listeners.ExtentTestManager.startTest(ExtentTestManager.java:22)
at com.restfulbooker.apitest.listeners.ExtentTestManager.startTest(ExtentTestManager.java:22)
at com.restfulbooker.apitest.listeners.ExtentTestManager.startTest(ExtentTestManager.java:22)
at com.restfulbooker.apitest.listeners.ExtentTestManager.startTest(ExtentTestManager.java:22)
at com.restfulbooker.apitest.listeners.ExtentTestManager.startTest(ExtentTestManager.java:22)
at com.restfulbooker.apitest.listeners.ExtentTestManager.startTest(ExtentTestManager.java:22)
at com.restfulbooker.apitest.listeners.ExtentTestManager.startTest(ExtentTestManager.java:22)
at com.restfulbooker.apitest.listeners.ExtentTestManager.startTest(ExtentTestManager.java:22)
at com.restfulbooker.apitest.listeners.ExtentTestManager.startTest(ExtentTestManager.java:22)
at com.restfulbooker.apitest.listeners.ExtentTestManager.startTest(ExtentTestManager.java:22)
at com.restfulbooker.apitest.listeners.ExtentTestManager.startTest(ExtentTestManager.java:22)
at com.restfulbooker.apitest.listeners.ExtentTestManager.startTest(ExtentTestManager.java:22)
at com.restfulbooker.apitest.listeners.ExtentTestManager.startTest(ExtentTestManager.java:22)
at com.restfulbooker.apitest.listeners.ExtentTestManager.startTest(ExtentTestManager.java:22)
at com.restfulbooker.apitest.listeners.ExtentTestManager.startTest(ExtentTestManager.java:22)
at com.restfulbooker.apitest.listeners.ExtentTestManager.startTest(ExtentTestManager.java:22)
at com.restfulbooker.apitest.listeners.ExtentTestManager.startTest(ExtentTestManager.java:22)
at com.restfulbooker.apitest.listeners.ExtentTestManager.startTest(ExtentTestManager.java:22)
at com.restfulbooker.apitest.listeners.ExtentTestManager.startTest(ExtentTestManager.java:22)
at com.restfulbooker.apitest.listeners.ExtentTestManager.startTest(ExtentTestManager.java:22)
at com.restfulbooker.apitest.listeners.ExtentTestManager.startTest(ExtentTestManager.java:22)
at com.restfulbooker.apitest.listeners.ExtentTestManager.startTest(ExtentTestManager.java:22)
at com.restfulbooker.apitest.listeners.ExtentTestManager.startTest(ExtentTestManager.java:22)
at com.restfulbooker.apitest.listeners.ExtentTestManager.startTest(ExtentTestManager.java:22)
at com.restfulbooker.apitest.listeners.ExtentTestManager.startTest(ExtentTestManager.java:22)
at com.restfulbooker.apitest.listeners.ExtentTestManager.startTest(ExtentTestManager.java:22)
at com.restfulbooker.apitest.listeners.ExtentTestManager.startTest(ExtentTestManager.java:22)
at com.restfulbooker.apitest.listeners.ExtentTestManager.startTest(ExtentTestManager.java:22)
at com.restfulbooker.apitest.listeners.ExtentTestManager.startTest(ExtentTestManager.java:22)
at com.restfulbooker.apitest.listeners.ExtentTestManager.startTest(ExtentTestManager.java:22)
at com.restfulbooker.apitest.listeners.ExtentTestManager.startTest(ExtentTestManager.java:22)
at com.restfulbooker.apitest.listeners.ExtentTestManager.startTest(ExtentTestManager.java:22)
at com.restfulbooker.apitest.listeners.ExtentTestManager.startTest(ExtentTestManager.java:22)
at com.restfulbooker.apitest.listeners.ExtentTestManager.startTest(ExtentTestManager.java:22)
at com.restfulbooker.apitest.listeners.ExtentTestManager.startTest(ExtentTestManager.java:22)
at com.restfulbooker.apitest.listeners.ExtentTestManager.startTest(ExtentTestManager.java:22)
at com.restfulbooker.apitest.listeners.ExtentTestManager.startTest(ExtentTestManager.java:22)
at com.restfulbooker.apitest.listeners.ExtentTestManager.startTest(ExtentTestManager.java:22)
at com.restfulbooker.apitest.listeners.ExtentTestManager.startTest(ExtentTestManager.java:22)
at com.restfulbooker.apitest.listeners.ExtentTestManager.startTest(ExtentTestManager.java:22)
at com.restfulbooker.apitest.listeners.ExtentTestManager.startTest(ExtentTestManager.java:22)
at com.restfulbooker.apitest.listeners.ExtentTestManager.startTest(ExtentTestManager.java:22)
at com.restfulbooker.apitest.listeners.ExtentTestManager.startTest(ExtentTestManager.java:22)
at com.restfulbooker.apitest.listeners.ExtentTestManager.startTest(ExtentTestManager.java:22)
at com.restfulbooker.apitest.listeners.ExtentTestManager.startTest(ExtentTestManager.java:22)
at com.restfulbooker.apitest.listeners.ExtentTestManager.startTest(ExtentTestManager.java:22)
at com.restfulbooker.apitest.listeners.ExtentTestManager.startTest(ExtentTestManager.java:22)
at com.restfulbooker.apitest.listeners.ExtentTestManager.startTest(ExtentTestManager.java:22)
at com.restfulbooker.apitest.listeners.ExtentTestManager.startTest(ExtentTestManager.java:22)
at com.restfulbooker.apitest.listeners.ExtentTestManager.startTest(ExtentTestManager.java:22)
at com.restfulbooker.apitest.listeners.ExtentTestManager.startTest(ExtentTestManager.java:22)
at com.restfulbooker.apitest.listeners.ExtentTestManager.startTest(ExtentTestManager.java:22)
at com.restfulbooker.apitest.listeners.ExtentTestManager.startTest(ExtentTestManager.java:22)
at com.restfulbooker.apitest.listeners.ExtentTestManager.startTest(ExtentTestManager.java:22)
at com.restfulbooker.apitest.listeners.ExtentTestManager.startTest(ExtentTestManager.java:22)
at com.restfulbooker.apitest.listeners.ExtentTestManager.startTest(ExtentTestManager.java:22)
at com.restfulbooker.apitest.listeners.ExtentTestManager.startTest(ExtentTestManager.java:22)
at com.restfulbooker.apitest.listeners.ExtentTestManager.startTest(ExtentTestManager.java:22)
at com.restfulbooker.apitest.listeners.ExtentTestManager.startTest(ExtentTestManager.java:22)
at com.restfulbooker.apitest.listeners.ExtentTestManager.startTest(ExtentTestManager.java:22)
at com.restfulbooker.apitest.listeners.ExtentTestManager.startTest(ExtentTestManager.java:22)
at com.restfulbooker.apitest.listeners.ExtentTestManager.startTest(ExtentTestManager.java:22)
at com.restfulbooker.apitest.listeners.ExtentTestManager.startTest(ExtentTestManager.java:22)
at com.restfulbooker.apitest.listeners.ExtentTestManager.startTest(ExtentTestManager.java:22)
at com.restfulbooker.apitest.listeners.ExtentTestManager.startTest(ExtentTestManager.java:22)
at com.restfulbooker.apitest.listeners.ExtentTestManager.startTest(ExtentTestManager.java:22)
at com.restfulbooker.apitest.listeners.ExtentTestManager.startTest(ExtentTestManager.java:22)
at com.restfulbooker.apitest.listeners.ExtentTestManager.startTest(ExtentTestManager.java:22)
at com.restfulbooker.apitest.listeners.ExtentTestManager.startTest(ExtentTestManager.java:22)
at com.restfulbooker.apitest.listeners.ExtentTestManager.startTest(ExtentTestManager.java:22)
at com.restfulbooker.apitest.listeners.ExtentTestManager.startTest(ExtentTestManager.java:22)
at com.restfulbooker.apitest.listeners.ExtentTestManager.startTest(ExtentTestManager.java:22)
at com.restfulbooker.apitest.listeners.ExtentTestManager.startTest(ExtentTestManager.java:22)
at com.restfulbooker.apitest.listeners.ExtentTestManager.startTest(ExtentTestManager.java:22)
at com.restfulbooker.apitest.listeners.ExtentTestManager.startTest(ExtentTestManager.java:22)
at com.restfulbooker.apitest.listeners.ExtentTestManager.startTest(ExtentTestManager.java:22)
at com.restfulbooker.apitest.listeners.ExtentTestManager.startTest(ExtentTestManager.java:22)
at com.restfulbooker.apitest.listeners.ExtentTestManager.startTest(ExtentTestManager.java:22)
at com.restfulbooker.apitest.listeners.ExtentTestManager.startTest(ExtentTestManager.java:22)
at com.restfulbooker.apitest.listeners.ExtentTestManager.startTest(ExtentTestManager.java:22)
at com.restfulbooker.apitest.listeners.ExtentTestManager.startTest(ExtentTestManager.java:22)
at com.restfulbooker.apitest.listeners.ExtentTestManager.startTest(ExtentTestManager.java:22)
at com.restfulbooker.apitest.listeners.ExtentTestManager.startTest(ExtentTestManager.java:22)
at com.restfulbooker.apitest.listeners.ExtentTestManager.startTest(ExtentTestManager.java:22)
at com.restfulbooker.apitest.listeners.ExtentTestManager.startTest(ExtentTestManager.java:22)
at com.restfulbooker.apitest.listeners.ExtentTestManager.startTest(ExtentTestManager.java:22)
at com.restfulbooker.apitest.listeners.ExtentTestManager.startTest(ExtentTestManager.java:22)
at com.restfulbooker.apitest.listeners.ExtentTestManager.startTest(ExtentTestManager.java:22)
at com.restfulbooker.apitest.listeners.ExtentTestManager.startTest(ExtentTestManager.java:22)
at com.restfulbooker.apitest.listeners.ExtentTestManager.startTest(ExtentTestManager.java:22)
at com.restfulbooker.apitest.listeners.ExtentTestManager.startTest(ExtentTestManager.java:22)
at com.restfulbooker.apitest.listeners.ExtentTestManager.startTest(ExtentTestManager.java:22)
at com.restfulbooker.apitest.listeners.ExtentTestManager.startTest(ExtentTestManager.java:22)
]]>
    </error>
  </testcase> <!-- validLoginTest -->
  <system-out/>
</testsuite> <!-- com.restfulbooker.apitest.Scenarios.LoginTest -->
